--------------- Rebuild Started: 11/17/2016 11:28:51 Project: Auto Shut-OFF_SOIC16, Configuration: ARM GCC 4.9-2015-q1-update Debug ---------------
Deleting file ".\CortexM0\ARM_GCC_493\Debug\main.o"
Deleting file ".\CortexM0\ARM_GCC_493\Debug\cyfitter_cfg.o"
Deleting file ".\CortexM0\ARM_GCC_493\Debug\cymetadata.o"
Deleting file ".\CortexM0\ARM_GCC_493\Debug\PUSH_BUTTON_INPUT.o"
Deleting file ".\CortexM0\ARM_GCC_493\Debug\SUPPLY_ENABLE.o"
Deleting file ".\CortexM0\ARM_GCC_493\Debug\PWM.o"
Deleting file ".\CortexM0\ARM_GCC_493\Debug\PWM_PM.o"
Deleting file ".\CortexM0\ARM_GCC_493\Debug\PWM_OUTPUT.o"
Deleting file ".\CortexM0\ARM_GCC_493\Debug\PWM_CLOCK.o"
Deleting file ".\CortexM0\ARM_GCC_493\Debug\PWM_isr.o"
Deleting file ".\CortexM0\ARM_GCC_493\Debug\SW_Tx_UART_AsmGnu.o"
Deleting file ".\CortexM0\ARM_GCC_493\Debug\SW_Tx_UART.o"
Deleting file ".\CortexM0\ARM_GCC_493\Debug\Push_Button_isr.o"
Deleting file ".\CortexM0\ARM_GCC_493\Debug\Mode.o"
Deleting file ".\CortexM0\ARM_GCC_493\Debug\B.o"
Deleting file ".\CortexM0\ARM_GCC_493\Debug\G.o"
Deleting file ".\CortexM0\ARM_GCC_493\Debug\R.o"
Deleting file ".\CortexM0\ARM_GCC_493\Debug\Time_Bit_0.o"
Deleting file ".\CortexM0\ARM_GCC_493\Debug\Time_Bit_1.o"
Deleting file ".\CortexM0\ARM_GCC_493\Debug\Time_Bit_2.o"
Deleting file ".\CortexM0\ARM_GCC_493\Debug\Time_Bit_3.o"
Deleting file ".\CortexM0\ARM_GCC_493\Debug\Cm0Start.o"
Deleting file ".\CortexM0\ARM_GCC_493\Debug\CyBootAsmGnu.o"
Deleting file ".\CortexM0\ARM_GCC_493\Debug\CyFlash.o"
Deleting file ".\CortexM0\ARM_GCC_493\Debug\CyLib.o"
Deleting file ".\CortexM0\ARM_GCC_493\Debug\cyPm.o"
Deleting file ".\CortexM0\ARM_GCC_493\Debug\cyutils.o"
Deleting file ".\CortexM0\ARM_GCC_493\Debug\CyLFClk.o"
Deleting file ".\CortexM0\ARM_GCC_493\Debug\Auto Shut-OFF_SOIC16.hex"
Deleting file ".\CortexM0\ARM_GCC_493\Debug\Auto Shut-OFF_SOIC16.elf"
Deleting file ".\CortexM0\ARM_GCC_493\Debug\Auto Shut-OFF_SOIC16.map"
Deleting file ".\Auto Shut-OFF_SOIC16.cycdx"
Deleting file ".\Auto Shut-OFF_SOIC16.rpt"
Deleting file ".\CortexM0\ARM_GCC_493\Debug\.deps\C_FILE.P"
Deleting file ".\CortexM0\ARM_GCC_493\Debug\.deps\ARM_C_FILE.P"
Deleting file ".\CortexM0\ARM_GCC_493\Debug\.deps\GNU_ARM_ASM_FILE.P"
cydsfit.exe -.appdatapath "C:\Users\Spitfire54444444\AppData\Local\Cypress Semiconductor\PSoC Creator\3.3" -.fdsnotice -.fdswarpdepfile=warp_dependencies.txt -.fdselabdepfile=elab_dependencies.txt -.fdsbldfile=generated_files.txt -p "C:\Users\Spitfire54444444\Dropbox\Projets\Wavelab Technologies Inc\RnD\Projets\Auto Shut-OFF\Auto-Shut-OFF\Auto Shut-OFF_SOIC16.cydsn\Auto Shut-OFF_SOIC16.cyprj" -d CY8C4014SXI-411 -s "C:\Users\Spitfire54444444\Dropbox\Projets\Wavelab Technologies Inc\RnD\Projets\Auto Shut-OFF\Auto-Shut-OFF\Auto Shut-OFF_SOIC16.cydsn\Generated_Source\PSoC4" -- -yv2 -q10 -ygs -o2 -v3 -.fftcfgtype=LE
Elaborating Design...
HDL Generation ...
Synthesis ...
Place and Route ...
Tech mapping ...
Analog Placement ...
Analog Routing ...
Analog Code Generation ...
Digital Placement ...
Digital Routing ...
Info: pft.M0077: There is no timing information available for the selected device. Static timing checks will not be applied and digital routing will not be timing-driven. (App=cydsfit)
Bitstream Generation ...
Static timing analysis ...
API Generation ...
Dependency Generation ...
Clean Temporary Files ...
arm-none-eabi-gcc.exe -mcpu=cortex-m0 -mthumb -Wno-main -I. -IGenerated_Source\PSoC4 -Wa,-alh=.\CortexM0\ARM_GCC_493\Debug/main.lst -g -D DEBUG -Wall -ffunction-sections -Og -ffat-lto-objects -c ..\Common\main.c -o .\CortexM0\ARM_GCC_493\Debug\main.o
arm-none-eabi-gcc.exe -mcpu=cortex-m0 -mthumb -Wno-main -I. -IGenerated_Source\PSoC4 -Wa,-alh=.\CortexM0\ARM_GCC_493\Debug/cyfitter_cfg.lst -g -D DEBUG -Wall -ffunction-sections -Og -ffat-lto-objects -c .\Generated_Source\PSoC4\cyfitter_cfg.c -o .\CortexM0\ARM_GCC_493\Debug\cyfitter_cfg.o
arm-none-eabi-gcc.exe -mcpu=cortex-m0 -mthumb -Wno-main -I. -IGenerated_Source\PSoC4 -Wa,-alh=.\CortexM0\ARM_GCC_493\Debug/cymetadata.lst -g -D DEBUG -Wall -ffunction-sections -Og -ffat-lto-objects -c .\Generated_Source\PSoC4\cymetadata.c -o .\CortexM0\ARM_GCC_493\Debug\cymetadata.o
arm-none-eabi-gcc.exe -mcpu=cortex-m0 -mthumb -Wno-main -I. -IGenerated_Source\PSoC4 -Wa,-alh=.\CortexM0\ARM_GCC_493\Debug/PUSH_BUTTON_INPUT.lst -g -D DEBUG -Wall -ffunction-sections -Og -ffat-lto-objects -c .\Generated_Source\PSoC4\PUSH_BUTTON_INPUT.c -o .\CortexM0\ARM_GCC_493\Debug\PUSH_BUTTON_INPUT.o
arm-none-eabi-gcc.exe -mcpu=cortex-m0 -mthumb -Wno-main -I. -IGenerated_Source\PSoC4 -Wa,-alh=.\CortexM0\ARM_GCC_493\Debug/SUPPLY_ENABLE.lst -g -D DEBUG -Wall -ffunction-sections -Og -ffat-lto-objects -c .\Generated_Source\PSoC4\SUPPLY_ENABLE.c -o .\CortexM0\ARM_GCC_493\Debug\SUPPLY_ENABLE.o
arm-none-eabi-gcc.exe -mcpu=cortex-m0 -mthumb -Wno-main -I. -IGenerated_Source\PSoC4 -Wa,-alh=.\CortexM0\ARM_GCC_493\Debug/PWM.lst -g -D DEBUG -Wall -ffunction-sections -Og -ffat-lto-objects -c .\Generated_Source\PSoC4\PWM.c -o .\CortexM0\ARM_GCC_493\Debug\PWM.o
arm-none-eabi-gcc.exe -mcpu=cortex-m0 -mthumb -Wno-main -I. -IGenerated_Source\PSoC4 -Wa,-alh=.\CortexM0\ARM_GCC_493\Debug/PWM_PM.lst -g -D DEBUG -Wall -ffunction-sections -Og -ffat-lto-objects -c .\Generated_Source\PSoC4\PWM_PM.c -o .\CortexM0\ARM_GCC_493\Debug\PWM_PM.o
arm-none-eabi-gcc.exe -mcpu=cortex-m0 -mthumb -Wno-main -I. -IGenerated_Source\PSoC4 -Wa,-alh=.\CortexM0\ARM_GCC_493\Debug/PWM_OUTPUT.lst -g -D DEBUG -Wall -ffunction-sections -Og -ffat-lto-objects -c .\Generated_Source\PSoC4\PWM_OUTPUT.c -o .\CortexM0\ARM_GCC_493\Debug\PWM_OUTPUT.o
arm-none-eabi-gcc.exe -mcpu=cortex-m0 -mthumb -Wno-main -I. -IGenerated_Source\PSoC4 -Wa,-alh=.\CortexM0\ARM_GCC_493\Debug/PWM_CLOCK.lst -g -D DEBUG -Wall -ffunction-sections -Og -ffat-lto-objects -c .\Generated_Source\PSoC4\PWM_CLOCK.c -o .\CortexM0\ARM_GCC_493\Debug\PWM_CLOCK.o
arm-none-eabi-gcc.exe -mcpu=cortex-m0 -mthumb -Wno-main -I. -IGenerated_Source\PSoC4 -Wa,-alh=.\CortexM0\ARM_GCC_493\Debug/PWM_isr.lst -g -D DEBUG -Wall -ffunction-sections -Og -ffat-lto-objects -c .\Generated_Source\PSoC4\PWM_isr.c -o .\CortexM0\ARM_GCC_493\Debug\PWM_isr.o
arm-none-eabi-as.exe -mcpu=cortex-m0 -mthumb -I. -IGenerated_Source\PSoC4 -alh=.\CortexM0\ARM_GCC_493\Debug/SW_Tx_UART_AsmGnu.lst -g -W -o .\CortexM0\ARM_GCC_493\Debug\SW_Tx_UART_AsmGnu.o .\Generated_Source\PSoC4\SW_Tx_UART_AsmGnu.s
arm-none-eabi-gcc.exe -mcpu=cortex-m0 -mthumb -Wno-main -I. -IGenerated_Source\PSoC4 -Wa,-alh=.\CortexM0\ARM_GCC_493\Debug/SW_Tx_UART.lst -g -D DEBUG -Wall -ffunction-sections -Og -ffat-lto-objects -c .\Generated_Source\PSoC4\SW_Tx_UART.c -o .\CortexM0\ARM_GCC_493\Debug\SW_Tx_UART.o
arm-none-eabi-gcc.exe -mcpu=cortex-m0 -mthumb -Wno-main -I. -IGenerated_Source\PSoC4 -Wa,-alh=.\CortexM0\ARM_GCC_493\Debug/Push_Button_isr.lst -g -D DEBUG -Wall -ffunction-sections -Og -ffat-lto-objects -c .\Generated_Source\PSoC4\Push_Button_isr.c -o .\CortexM0\ARM_GCC_493\Debug\Push_Button_isr.o
arm-none-eabi-gcc.exe -mcpu=cortex-m0 -mthumb -Wno-main -I. -IGenerated_Source\PSoC4 -Wa,-alh=.\CortexM0\ARM_GCC_493\Debug/Mode.lst -g -D DEBUG -Wall -ffunction-sections -Og -ffat-lto-objects -c .\Generated_Source\PSoC4\Mode.c -o .\CortexM0\ARM_GCC_493\Debug\Mode.o
arm-none-eabi-gcc.exe -mcpu=cortex-m0 -mthumb -Wno-main -I. -IGenerated_Source\PSoC4 -Wa,-alh=.\CortexM0\ARM_GCC_493\Debug/B.lst -g -D DEBUG -Wall -ffunction-sections -Og -ffat-lto-objects -c .\Generated_Source\PSoC4\B.c -o .\CortexM0\ARM_GCC_493\Debug\B.o
arm-none-eabi-gcc.exe -mcpu=cortex-m0 -mthumb -Wno-main -I. -IGenerated_Source\PSoC4 -Wa,-alh=.\CortexM0\ARM_GCC_493\Debug/G.lst -g -D DEBUG -Wall -ffunction-sections -Og -ffat-lto-objects -c .\Generated_Source\PSoC4\G.c -o .\CortexM0\ARM_GCC_493\Debug\G.o
arm-none-eabi-gcc.exe -mcpu=cortex-m0 -mthumb -Wno-main -I. -IGenerated_Source\PSoC4 -Wa,-alh=.\CortexM0\ARM_GCC_493\Debug/R.lst -g -D DEBUG -Wall -ffunction-sections -Og -ffat-lto-objects -c .\Generated_Source\PSoC4\R.c -o .\CortexM0\ARM_GCC_493\Debug\R.o
arm-none-eabi-gcc.exe -mcpu=cortex-m0 -mthumb -Wno-main -I. -IGenerated_Source\PSoC4 -Wa,-alh=.\CortexM0\ARM_GCC_493\Debug/Time_Bit_0.lst -g -D DEBUG -Wall -ffunction-sections -Og -ffat-lto-objects -c .\Generated_Source\PSoC4\Time_Bit_0.c -o .\CortexM0\ARM_GCC_493\Debug\Time_Bit_0.o
arm-none-eabi-gcc.exe -mcpu=cortex-m0 -mthumb -Wno-main -I. -IGenerated_Source\PSoC4 -Wa,-alh=.\CortexM0\ARM_GCC_493\Debug/Time_Bit_1.lst -g -D DEBUG -Wall -ffunction-sections -Og -ffat-lto-objects -c .\Generated_Source\PSoC4\Time_Bit_1.c -o .\CortexM0\ARM_GCC_493\Debug\Time_Bit_1.o
arm-none-eabi-gcc.exe -mcpu=cortex-m0 -mthumb -Wno-main -I. -IGenerated_Source\PSoC4 -Wa,-alh=.\CortexM0\ARM_GCC_493\Debug/Time_Bit_2.lst -g -D DEBUG -Wall -ffunction-sections -Og -ffat-lto-objects -c .\Generated_Source\PSoC4\Time_Bit_2.c -o .\CortexM0\ARM_GCC_493\Debug\Time_Bit_2.o
arm-none-eabi-gcc.exe -mcpu=cortex-m0 -mthumb -Wno-main -I. -IGenerated_Source\PSoC4 -Wa,-alh=.\CortexM0\ARM_GCC_493\Debug/Time_Bit_3.lst -g -D DEBUG -Wall -ffunction-sections -Og -ffat-lto-objects -c .\Generated_Source\PSoC4\Time_Bit_3.c -o .\CortexM0\ARM_GCC_493\Debug\Time_Bit_3.o
arm-none-eabi-gcc.exe -mcpu=cortex-m0 -mthumb -Wno-main -I. -IGenerated_Source\PSoC4 -Wa,-alh=.\CortexM0\ARM_GCC_493\Debug/Cm0Start.lst -g -D DEBUG -Wall -ffunction-sections -Og -ffat-lto-objects -c .\Generated_Source\PSoC4\Cm0Start.c -o .\CortexM0\ARM_GCC_493\Debug\Cm0Start.o
arm-none-eabi-as.exe -mcpu=cortex-m0 -mthumb -I. -IGenerated_Source\PSoC4 -alh=.\CortexM0\ARM_GCC_493\Debug/CyBootAsmGnu.lst -g -W -o .\CortexM0\ARM_GCC_493\Debug\CyBootAsmGnu.o .\Generated_Source\PSoC4\CyBootAsmGnu.s
arm-none-eabi-gcc.exe -mcpu=cortex-m0 -mthumb -Wno-main -I. -IGenerated_Source\PSoC4 -Wa,-alh=.\CortexM0\ARM_GCC_493\Debug/CyFlash.lst -g -D DEBUG -Wall -ffunction-sections -Og -ffat-lto-objects -c .\Generated_Source\PSoC4\CyFlash.c -o .\CortexM0\ARM_GCC_493\Debug\CyFlash.o
arm-none-eabi-gcc.exe -mcpu=cortex-m0 -mthumb -Wno-main -I. -IGenerated_Source\PSoC4 -Wa,-alh=.\CortexM0\ARM_GCC_493\Debug/CyLib.lst -g -D DEBUG -Wall -ffunction-sections -Og -ffat-lto-objects -c .\Generated_Source\PSoC4\CyLib.c -o .\CortexM0\ARM_GCC_493\Debug\CyLib.o
arm-none-eabi-gcc.exe -mcpu=cortex-m0 -mthumb -Wno-main -I. -IGenerated_Source\PSoC4 -Wa,-alh=.\CortexM0\ARM_GCC_493\Debug/cyPm.lst -g -D DEBUG -Wall -ffunction-sections -Og -ffat-lto-objects -c .\Generated_Source\PSoC4\cyPm.c -o .\CortexM0\ARM_GCC_493\Debug\cyPm.o
arm-none-eabi-gcc.exe -mcpu=cortex-m0 -mthumb -Wno-main -I. -IGenerated_Source\PSoC4 -Wa,-alh=.\CortexM0\ARM_GCC_493\Debug/cyutils.lst -g -D DEBUG -Wall -ffunction-sections -Og -ffat-lto-objects -c .\Generated_Source\PSoC4\cyutils.c -o .\CortexM0\ARM_GCC_493\Debug\cyutils.o
arm-none-eabi-gcc.exe -mcpu=cortex-m0 -mthumb -Wno-main -I. -IGenerated_Source\PSoC4 -Wa,-alh=.\CortexM0\ARM_GCC_493\Debug/CyLFClk.lst -g -D DEBUG -Wall -ffunction-sections -Og -ffat-lto-objects -c .\Generated_Source\PSoC4\CyLFClk.c -o .\CortexM0\ARM_GCC_493\Debug\CyLFClk.o
arm-none-eabi-ar.exe -rs ".\CortexM0\ARM_GCC_493\Debug\Auto Shut-OFF_SOIC16.a" .\CortexM0\ARM_GCC_493\Debug\cyfitter_cfg.o .\CortexM0\ARM_GCC_493\Debug\PUSH_BUTTON_INPUT.o .\CortexM0\ARM_GCC_493\Debug\SUPPLY_ENABLE.o .\CortexM0\ARM_GCC_493\Debug\PWM.o .\CortexM0\ARM_GCC_493\Debug\PWM_PM.o .\CortexM0\ARM_GCC_493\Debug\PWM_OUTPUT.o .\CortexM0\ARM_GCC_493\Debug\PWM_CLOCK.o .\CortexM0\ARM_GCC_493\Debug\PWM_isr.o .\CortexM0\ARM_GCC_493\Debug\SW_Tx_UART_AsmGnu.o .\CortexM0\ARM_GCC_493\Debug\SW_Tx_UART.o .\CortexM0\ARM_GCC_493\Debug\Push_Button_isr.o .\CortexM0\ARM_GCC_493\Debug\Mode.o .\CortexM0\ARM_GCC_493\Debug\B.o .\CortexM0\ARM_GCC_493\Debug\G.o .\CortexM0\ARM_GCC_493\Debug\R.o .\CortexM0\ARM_GCC_493\Debug\Time_Bit_0.o .\CortexM0\ARM_GCC_493\Debug\Time_Bit_1.o .\CortexM0\ARM_GCC_493\Debug\Time_Bit_2.o .\CortexM0\ARM_GCC_493\Debug\Time_Bit_3.o .\CortexM0\ARM_GCC_493\Debug\CyBootAsmGnu.o .\CortexM0\ARM_GCC_493\Debug\CyFlash.o .\CortexM0\ARM_GCC_493\Debug\CyLib.o .\CortexM0\ARM_GCC_493\Debug\cyPm.o .\CortexM0\ARM_GCC_493\Debug\cyutils.o .\CortexM0\ARM_GCC_493\Debug\CyLFClk.o
arm-none-eabi-ar.exe: creating .\CortexM0\ARM_GCC_493\Debug\Auto Shut-OFF_SOIC16.a
arm-none-eabi-gcc.exe -Wl,--start-group -o ".\CortexM0\ARM_GCC_493\Debug\Auto Shut-OFF_SOIC16.elf" .\CortexM0\ARM_GCC_493\Debug\main.o .\CortexM0\ARM_GCC_493\Debug\cymetadata.o .\CortexM0\ARM_GCC_493\Debug\Cm0Start.o ".\CortexM0\ARM_GCC_493\Debug\Auto Shut-OFF_SOIC16.a" "C:\Program Files (x86)\Cypress\PSoC Creator\3.3\PSoC Creator\psoc\content\cycomponentlibrary\CyComponentLibrary.cylib\CortexM0\ARM_GCC_493\Debug\CyComponentLibrary.a" -mcpu=cortex-m0 -mthumb -g -ffunction-sections -Og -ffat-lto-objects -L Generated_Source\PSoC4 "-Wl,-Map,.\CortexM0\ARM_GCC_493\Debug/Auto Shut-OFF_SOIC16.map" -T Generated_Source\PSoC4\cm0gcc.ld -specs=nano.specs -Wl,--gc-sections -Wl,--end-group
cyelftool.exe -C "C:\Users\Spitfire54444444\Dropbox\Projets\Wavelab Technologies Inc\RnD\Projets\Auto Shut-OFF\Auto-Shut-OFF\Auto Shut-OFF_SOIC16.cydsn\CortexM0\ARM_GCC_493\Debug\Auto Shut-OFF_SOIC16.elf" --flash_row_size 64 --flash_size 16384
cyelftool.exe -S "C:\Users\Spitfire54444444\Dropbox\Projets\Wavelab Technologies Inc\RnD\Projets\Auto Shut-OFF\Auto-Shut-OFF\Auto Shut-OFF_SOIC16.cydsn\CortexM0\ARM_GCC_493\Debug\Auto Shut-OFF_SOIC16.elf"
Flash used: 2560 of 16384 bytes (15,6 %).
SRAM used: 872 of 2048 bytes (42,6 %). Stack: 512 bytes. Heap: 128 bytes.
--------------- Rebuild Succeeded: 11/17/2016 11:29:01 ---------------
