ARM GAS  C:\Users\SPITFI~1\AppData\Local\Temp\ccrKiXBF.s 			page 1


   1              		.cpu cortex-m0
   2              		.fpu softvfp
   3              		.eabi_attribute 20, 1
   4              		.eabi_attribute 21, 1
   5              		.eabi_attribute 23, 3
   6              		.eabi_attribute 24, 1
   7              		.eabi_attribute 25, 1
   8              		.eabi_attribute 26, 1
   9              		.eabi_attribute 30, 1
  10              		.eabi_attribute 34, 0
  11              		.eabi_attribute 18, 4
  12              		.code	16
  13              		.file	"I2C_I2C.c"
  14              		.text
  15              	.Ltext0:
  16              		.cfi_sections	.debug_frame
  17              		.section	.text.I2C_I2CInit,"ax",%progbits
  18              		.align	2
  19              		.global	I2C_I2CInit
  20              		.code	16
  21              		.thumb_func
  22              		.type	I2C_I2CInit, %function
  23              	I2C_I2CInit:
  24              	.LFB0:
  25              		.file 1 ".\\Generated_Source\\PSoC4\\I2C_I2C.c"
   1:.\Generated_Source\PSoC4/I2C_I2C.c **** /*******************************************************************************
   2:.\Generated_Source\PSoC4/I2C_I2C.c **** * File Name: I2C_I2C.c
   3:.\Generated_Source\PSoC4/I2C_I2C.c **** * Version 3.0
   4:.\Generated_Source\PSoC4/I2C_I2C.c **** *
   5:.\Generated_Source\PSoC4/I2C_I2C.c **** * Description:
   6:.\Generated_Source\PSoC4/I2C_I2C.c **** *  This file provides the source code to the API for the SCB Component in
   7:.\Generated_Source\PSoC4/I2C_I2C.c **** *  I2C mode.
   8:.\Generated_Source\PSoC4/I2C_I2C.c **** *
   9:.\Generated_Source\PSoC4/I2C_I2C.c **** * Note:
  10:.\Generated_Source\PSoC4/I2C_I2C.c **** *
  11:.\Generated_Source\PSoC4/I2C_I2C.c **** *******************************************************************************
  12:.\Generated_Source\PSoC4/I2C_I2C.c **** * Copyright 2013-2015, Cypress Semiconductor Corporation.  All rights reserved.
  13:.\Generated_Source\PSoC4/I2C_I2C.c **** * You may use this file only in accordance with the license, terms, conditions,
  14:.\Generated_Source\PSoC4/I2C_I2C.c **** * disclaimers, and limitations in the end user license agreement accompanying
  15:.\Generated_Source\PSoC4/I2C_I2C.c **** * the software package with which this file was provided.
  16:.\Generated_Source\PSoC4/I2C_I2C.c **** *******************************************************************************/
  17:.\Generated_Source\PSoC4/I2C_I2C.c **** 
  18:.\Generated_Source\PSoC4/I2C_I2C.c **** #include "I2C_PVT.h"
  19:.\Generated_Source\PSoC4/I2C_I2C.c **** #include "I2C_I2C_PVT.h"
  20:.\Generated_Source\PSoC4/I2C_I2C.c **** 
  21:.\Generated_Source\PSoC4/I2C_I2C.c **** 
  22:.\Generated_Source\PSoC4/I2C_I2C.c **** /***************************************
  23:.\Generated_Source\PSoC4/I2C_I2C.c **** *      I2C Private Vars
  24:.\Generated_Source\PSoC4/I2C_I2C.c **** ***************************************/
  25:.\Generated_Source\PSoC4/I2C_I2C.c **** 
  26:.\Generated_Source\PSoC4/I2C_I2C.c **** volatile uint8 I2C_state;  /* Current state of I2C FSM */
  27:.\Generated_Source\PSoC4/I2C_I2C.c **** 
  28:.\Generated_Source\PSoC4/I2C_I2C.c **** #if(I2C_SCB_MODE_UNCONFIG_CONST_CFG)
  29:.\Generated_Source\PSoC4/I2C_I2C.c **** 
  30:.\Generated_Source\PSoC4/I2C_I2C.c ****     /***************************************
  31:.\Generated_Source\PSoC4/I2C_I2C.c ****     *  Configuration Structure Initialization
  32:.\Generated_Source\PSoC4/I2C_I2C.c ****     ***************************************/
ARM GAS  C:\Users\SPITFI~1\AppData\Local\Temp\ccrKiXBF.s 			page 2


  33:.\Generated_Source\PSoC4/I2C_I2C.c **** 
  34:.\Generated_Source\PSoC4/I2C_I2C.c ****     /* Constant configuration of I2C */
  35:.\Generated_Source\PSoC4/I2C_I2C.c ****     const I2C_I2C_INIT_STRUCT I2C_configI2C =
  36:.\Generated_Source\PSoC4/I2C_I2C.c ****     {
  37:.\Generated_Source\PSoC4/I2C_I2C.c ****         I2C_I2C_MODE,
  38:.\Generated_Source\PSoC4/I2C_I2C.c ****         I2C_I2C_OVS_FACTOR_LOW,
  39:.\Generated_Source\PSoC4/I2C_I2C.c ****         I2C_I2C_OVS_FACTOR_HIGH,
  40:.\Generated_Source\PSoC4/I2C_I2C.c ****         I2C_I2C_MEDIAN_FILTER_ENABLE,
  41:.\Generated_Source\PSoC4/I2C_I2C.c ****         I2C_I2C_SLAVE_ADDRESS,
  42:.\Generated_Source\PSoC4/I2C_I2C.c ****         I2C_I2C_SLAVE_ADDRESS_MASK,
  43:.\Generated_Source\PSoC4/I2C_I2C.c ****         I2C_I2C_ACCEPT_ADDRESS,
  44:.\Generated_Source\PSoC4/I2C_I2C.c ****         I2C_I2C_WAKE_ENABLE,
  45:.\Generated_Source\PSoC4/I2C_I2C.c ****         I2C_I2C_BYTE_MODE_ENABLE,
  46:.\Generated_Source\PSoC4/I2C_I2C.c ****         I2C_I2C_DATA_RATE,
  47:.\Generated_Source\PSoC4/I2C_I2C.c ****         I2C_I2C_ACCEPT_GENERAL_CALL,
  48:.\Generated_Source\PSoC4/I2C_I2C.c ****     };
  49:.\Generated_Source\PSoC4/I2C_I2C.c **** 
  50:.\Generated_Source\PSoC4/I2C_I2C.c ****     /*******************************************************************************
  51:.\Generated_Source\PSoC4/I2C_I2C.c ****     * Function Name: I2C_I2CInit
  52:.\Generated_Source\PSoC4/I2C_I2C.c ****     ********************************************************************************
  53:.\Generated_Source\PSoC4/I2C_I2C.c ****     *
  54:.\Generated_Source\PSoC4/I2C_I2C.c ****     * Summary:
  55:.\Generated_Source\PSoC4/I2C_I2C.c ****     *  Configures the SCB for I2C operation.
  56:.\Generated_Source\PSoC4/I2C_I2C.c ****     *
  57:.\Generated_Source\PSoC4/I2C_I2C.c ****     * Parameters:
  58:.\Generated_Source\PSoC4/I2C_I2C.c ****     *  config:  Pointer to a structure that contains the following ordered list of
  59:.\Generated_Source\PSoC4/I2C_I2C.c ****     *           fields. These fields match the selections available in the
  60:.\Generated_Source\PSoC4/I2C_I2C.c ****     *           customizer.
  61:.\Generated_Source\PSoC4/I2C_I2C.c ****     *
  62:.\Generated_Source\PSoC4/I2C_I2C.c ****     * Return:
  63:.\Generated_Source\PSoC4/I2C_I2C.c ****     *  None
  64:.\Generated_Source\PSoC4/I2C_I2C.c ****     *
  65:.\Generated_Source\PSoC4/I2C_I2C.c ****     *******************************************************************************/
  66:.\Generated_Source\PSoC4/I2C_I2C.c ****     void I2C_I2CInit(const I2C_I2C_INIT_STRUCT *config)
  67:.\Generated_Source\PSoC4/I2C_I2C.c ****     {
  68:.\Generated_Source\PSoC4/I2C_I2C.c ****         uint32 medianFilter;
  69:.\Generated_Source\PSoC4/I2C_I2C.c ****         uint32 locEnableWake;
  70:.\Generated_Source\PSoC4/I2C_I2C.c **** 
  71:.\Generated_Source\PSoC4/I2C_I2C.c ****         if(NULL == config)
  72:.\Generated_Source\PSoC4/I2C_I2C.c ****         {
  73:.\Generated_Source\PSoC4/I2C_I2C.c ****             CYASSERT(0u != 0u); /* Halt execution due to bad function parameter */
  74:.\Generated_Source\PSoC4/I2C_I2C.c ****         }
  75:.\Generated_Source\PSoC4/I2C_I2C.c ****         else
  76:.\Generated_Source\PSoC4/I2C_I2C.c ****         {
  77:.\Generated_Source\PSoC4/I2C_I2C.c ****             /* Configure pins */
  78:.\Generated_Source\PSoC4/I2C_I2C.c ****             I2C_SetPins(I2C_SCB_MODE_I2C, I2C_DUMMY_PARAM,
  79:.\Generated_Source\PSoC4/I2C_I2C.c ****                                      I2C_DUMMY_PARAM);
  80:.\Generated_Source\PSoC4/I2C_I2C.c **** 
  81:.\Generated_Source\PSoC4/I2C_I2C.c ****             /* Store internal configuration */
  82:.\Generated_Source\PSoC4/I2C_I2C.c ****             I2C_scbMode       = (uint8) I2C_SCB_MODE_I2C;
  83:.\Generated_Source\PSoC4/I2C_I2C.c ****             I2C_scbEnableWake = (uint8) config->enableWake;
  84:.\Generated_Source\PSoC4/I2C_I2C.c ****             I2C_scbEnableIntr = (uint8) I2C_SCB_IRQ_INTERNAL;
  85:.\Generated_Source\PSoC4/I2C_I2C.c **** 
  86:.\Generated_Source\PSoC4/I2C_I2C.c ****             I2C_mode          = (uint8) config->mode;
  87:.\Generated_Source\PSoC4/I2C_I2C.c ****             I2C_acceptAddr    = (uint8) config->acceptAddr;
  88:.\Generated_Source\PSoC4/I2C_I2C.c **** 
  89:.\Generated_Source\PSoC4/I2C_I2C.c ****         #if (I2C_CY_SCBIP_V0)
ARM GAS  C:\Users\SPITFI~1\AppData\Local\Temp\ccrKiXBF.s 			page 3


  90:.\Generated_Source\PSoC4/I2C_I2C.c ****             /* Adjust SDA filter settings. Ticket ID#150521 */
  91:.\Generated_Source\PSoC4/I2C_I2C.c ****             I2C_SET_I2C_CFG_SDA_FILT_TRIM(I2C_EC_AM_I2C_CFG_SDA_FILT_TRIM);
  92:.\Generated_Source\PSoC4/I2C_I2C.c ****         #endif /* (I2C_CY_SCBIP_V0) */
  93:.\Generated_Source\PSoC4/I2C_I2C.c **** 
  94:.\Generated_Source\PSoC4/I2C_I2C.c ****             /* Adjust AF and DF filter settings. Ticket ID#176179 */
  95:.\Generated_Source\PSoC4/I2C_I2C.c ****             if (((I2C_I2C_MODE_SLAVE != config->mode) &&
  96:.\Generated_Source\PSoC4/I2C_I2C.c ****                  (config->dataRate <= I2C_I2C_DATA_RATE_FS_MODE_MAX)) ||
  97:.\Generated_Source\PSoC4/I2C_I2C.c ****                  (I2C_I2C_MODE_SLAVE == config->mode))
  98:.\Generated_Source\PSoC4/I2C_I2C.c ****             {
  99:.\Generated_Source\PSoC4/I2C_I2C.c ****                 /* AF = 1, DF = 0 */
 100:.\Generated_Source\PSoC4/I2C_I2C.c ****                 I2C_I2C_CFG_ANALOG_FITER_ENABLE;
 101:.\Generated_Source\PSoC4/I2C_I2C.c ****                 medianFilter = I2C_DIGITAL_FILTER_DISABLE;
 102:.\Generated_Source\PSoC4/I2C_I2C.c ****             }
 103:.\Generated_Source\PSoC4/I2C_I2C.c ****             else
 104:.\Generated_Source\PSoC4/I2C_I2C.c ****             {
 105:.\Generated_Source\PSoC4/I2C_I2C.c ****                 /* AF = 0, DF = 1 */
 106:.\Generated_Source\PSoC4/I2C_I2C.c ****                 I2C_I2C_CFG_ANALOG_FITER_DISABLE;
 107:.\Generated_Source\PSoC4/I2C_I2C.c ****                 medianFilter = I2C_DIGITAL_FILTER_ENABLE;
 108:.\Generated_Source\PSoC4/I2C_I2C.c ****             }
 109:.\Generated_Source\PSoC4/I2C_I2C.c **** 
 110:.\Generated_Source\PSoC4/I2C_I2C.c ****         #if (!I2C_CY_SCBIP_V0)
 111:.\Generated_Source\PSoC4/I2C_I2C.c ****             locEnableWake = (I2C_I2C_MULTI_MASTER_SLAVE) ? (0u) : (config->enableWake);
 112:.\Generated_Source\PSoC4/I2C_I2C.c ****         #else
 113:.\Generated_Source\PSoC4/I2C_I2C.c ****             locEnableWake = config->enableWake;
 114:.\Generated_Source\PSoC4/I2C_I2C.c ****         #endif /* (!I2C_CY_SCBIP_V0) */
 115:.\Generated_Source\PSoC4/I2C_I2C.c **** 
 116:.\Generated_Source\PSoC4/I2C_I2C.c ****             /* Configure I2C interface */
 117:.\Generated_Source\PSoC4/I2C_I2C.c ****             I2C_CTRL_REG     = I2C_GET_CTRL_BYTE_MODE  (config->enableByteMode) |
 118:.\Generated_Source\PSoC4/I2C_I2C.c ****                                             I2C_GET_CTRL_ADDR_ACCEPT(config->acceptAddr)     |
 119:.\Generated_Source\PSoC4/I2C_I2C.c ****                                             I2C_GET_CTRL_EC_AM_MODE (locEnableWake);
 120:.\Generated_Source\PSoC4/I2C_I2C.c **** 
 121:.\Generated_Source\PSoC4/I2C_I2C.c ****             I2C_I2C_CTRL_REG = I2C_GET_I2C_CTRL_HIGH_PHASE_OVS(config->oversampleHigh) |
 122:.\Generated_Source\PSoC4/I2C_I2C.c ****                     I2C_GET_I2C_CTRL_LOW_PHASE_OVS (config->oversampleLow)                         
 123:.\Generated_Source\PSoC4/I2C_I2C.c ****                     I2C_GET_I2C_CTRL_S_GENERAL_IGNORE((uint32)(0u == config->acceptGeneralAddr))   
 124:.\Generated_Source\PSoC4/I2C_I2C.c ****                     I2C_GET_I2C_CTRL_SL_MSTR_MODE  (config->mode);
 125:.\Generated_Source\PSoC4/I2C_I2C.c **** 
 126:.\Generated_Source\PSoC4/I2C_I2C.c ****             /* Configure RX direction */
 127:.\Generated_Source\PSoC4/I2C_I2C.c ****             I2C_RX_CTRL_REG      = I2C_GET_RX_CTRL_MEDIAN(medianFilter) |
 128:.\Generated_Source\PSoC4/I2C_I2C.c ****                                                 I2C_I2C_RX_CTRL;
 129:.\Generated_Source\PSoC4/I2C_I2C.c ****             I2C_RX_FIFO_CTRL_REG = I2C_CLEAR_REG;
 130:.\Generated_Source\PSoC4/I2C_I2C.c **** 
 131:.\Generated_Source\PSoC4/I2C_I2C.c ****             /* Set default address and mask */
 132:.\Generated_Source\PSoC4/I2C_I2C.c ****             I2C_RX_MATCH_REG    = ((I2C_I2C_SLAVE) ?
 133:.\Generated_Source\PSoC4/I2C_I2C.c ****                                                 (I2C_GET_I2C_8BIT_ADDRESS(config->slaveAddr) |
 134:.\Generated_Source\PSoC4/I2C_I2C.c ****                                                  I2C_GET_RX_MATCH_MASK(config->slaveAddrMask)) :
 135:.\Generated_Source\PSoC4/I2C_I2C.c ****                                                 (I2C_CLEAR_REG));
 136:.\Generated_Source\PSoC4/I2C_I2C.c **** 
 137:.\Generated_Source\PSoC4/I2C_I2C.c **** 
 138:.\Generated_Source\PSoC4/I2C_I2C.c ****             /* Configure TX direction */
 139:.\Generated_Source\PSoC4/I2C_I2C.c ****             I2C_TX_CTRL_REG      = I2C_I2C_TX_CTRL;
 140:.\Generated_Source\PSoC4/I2C_I2C.c ****             I2C_TX_FIFO_CTRL_REG = I2C_CLEAR_REG;
 141:.\Generated_Source\PSoC4/I2C_I2C.c **** 
 142:.\Generated_Source\PSoC4/I2C_I2C.c ****             /* Configure interrupt with I2C handler but do not enable it */
 143:.\Generated_Source\PSoC4/I2C_I2C.c ****             CyIntDisable    (I2C_ISR_NUMBER);
 144:.\Generated_Source\PSoC4/I2C_I2C.c ****             CyIntSetPriority(I2C_ISR_NUMBER, I2C_ISR_PRIORITY);
 145:.\Generated_Source\PSoC4/I2C_I2C.c ****             (void) CyIntSetVector(I2C_ISR_NUMBER, &I2C_I2C_ISR);
 146:.\Generated_Source\PSoC4/I2C_I2C.c **** 
ARM GAS  C:\Users\SPITFI~1\AppData\Local\Temp\ccrKiXBF.s 			page 4


 147:.\Generated_Source\PSoC4/I2C_I2C.c ****             /* Configure interrupt sources */
 148:.\Generated_Source\PSoC4/I2C_I2C.c ****         #if(!I2C_CY_SCBIP_V1)
 149:.\Generated_Source\PSoC4/I2C_I2C.c ****             I2C_INTR_SPI_EC_MASK_REG = I2C_NO_INTR_SOURCES;
 150:.\Generated_Source\PSoC4/I2C_I2C.c ****         #endif /* (!I2C_CY_SCBIP_V1) */
 151:.\Generated_Source\PSoC4/I2C_I2C.c **** 
 152:.\Generated_Source\PSoC4/I2C_I2C.c ****             I2C_INTR_I2C_EC_MASK_REG = I2C_NO_INTR_SOURCES;
 153:.\Generated_Source\PSoC4/I2C_I2C.c ****             I2C_INTR_RX_MASK_REG     = I2C_NO_INTR_SOURCES;
 154:.\Generated_Source\PSoC4/I2C_I2C.c ****             I2C_INTR_TX_MASK_REG     = I2C_NO_INTR_SOURCES;
 155:.\Generated_Source\PSoC4/I2C_I2C.c **** 
 156:.\Generated_Source\PSoC4/I2C_I2C.c ****             I2C_INTR_SLAVE_MASK_REG  = ((I2C_I2C_SLAVE) ?
 157:.\Generated_Source\PSoC4/I2C_I2C.c ****                             (I2C_GET_INTR_SLAVE_I2C_GENERAL(config->acceptGeneralAddr) |
 158:.\Generated_Source\PSoC4/I2C_I2C.c ****                              I2C_I2C_INTR_SLAVE_MASK) : (I2C_CLEAR_REG));
 159:.\Generated_Source\PSoC4/I2C_I2C.c **** 
 160:.\Generated_Source\PSoC4/I2C_I2C.c ****             I2C_INTR_MASTER_MASK_REG = ((I2C_I2C_MASTER) ?
 161:.\Generated_Source\PSoC4/I2C_I2C.c ****                                                      (I2C_I2C_INTR_MASTER_MASK) :
 162:.\Generated_Source\PSoC4/I2C_I2C.c ****                                                      (I2C_CLEAR_REG));
 163:.\Generated_Source\PSoC4/I2C_I2C.c **** 
 164:.\Generated_Source\PSoC4/I2C_I2C.c ****             /* Configure global variables */
 165:.\Generated_Source\PSoC4/I2C_I2C.c ****             I2C_state = I2C_I2C_FSM_IDLE;
 166:.\Generated_Source\PSoC4/I2C_I2C.c **** 
 167:.\Generated_Source\PSoC4/I2C_I2C.c ****             /* Internal slave variables */
 168:.\Generated_Source\PSoC4/I2C_I2C.c ****             I2C_slStatus        = 0u;
 169:.\Generated_Source\PSoC4/I2C_I2C.c ****             I2C_slRdBufIndex    = 0u;
 170:.\Generated_Source\PSoC4/I2C_I2C.c ****             I2C_slWrBufIndex    = 0u;
 171:.\Generated_Source\PSoC4/I2C_I2C.c ****             I2C_slOverFlowCount = 0u;
 172:.\Generated_Source\PSoC4/I2C_I2C.c **** 
 173:.\Generated_Source\PSoC4/I2C_I2C.c ****             /* Internal master variables */
 174:.\Generated_Source\PSoC4/I2C_I2C.c ****             I2C_mstrStatus     = 0u;
 175:.\Generated_Source\PSoC4/I2C_I2C.c ****             I2C_mstrRdBufIndex = 0u;
 176:.\Generated_Source\PSoC4/I2C_I2C.c ****             I2C_mstrWrBufIndex = 0u;
 177:.\Generated_Source\PSoC4/I2C_I2C.c ****         }
 178:.\Generated_Source\PSoC4/I2C_I2C.c ****     }
 179:.\Generated_Source\PSoC4/I2C_I2C.c **** 
 180:.\Generated_Source\PSoC4/I2C_I2C.c **** #else
 181:.\Generated_Source\PSoC4/I2C_I2C.c **** 
 182:.\Generated_Source\PSoC4/I2C_I2C.c ****     /*******************************************************************************
 183:.\Generated_Source\PSoC4/I2C_I2C.c ****     * Function Name: I2C_I2CInit
 184:.\Generated_Source\PSoC4/I2C_I2C.c ****     ********************************************************************************
 185:.\Generated_Source\PSoC4/I2C_I2C.c ****     *
 186:.\Generated_Source\PSoC4/I2C_I2C.c ****     * Summary:
 187:.\Generated_Source\PSoC4/I2C_I2C.c ****     *  Configures the SCB for the I2C operation.
 188:.\Generated_Source\PSoC4/I2C_I2C.c ****     *
 189:.\Generated_Source\PSoC4/I2C_I2C.c ****     * Parameters:
 190:.\Generated_Source\PSoC4/I2C_I2C.c ****     *  None
 191:.\Generated_Source\PSoC4/I2C_I2C.c ****     *
 192:.\Generated_Source\PSoC4/I2C_I2C.c ****     * Return:
 193:.\Generated_Source\PSoC4/I2C_I2C.c ****     *  None
 194:.\Generated_Source\PSoC4/I2C_I2C.c ****     *
 195:.\Generated_Source\PSoC4/I2C_I2C.c ****     *******************************************************************************/
 196:.\Generated_Source\PSoC4/I2C_I2C.c ****     void I2C_I2CInit(void)
 197:.\Generated_Source\PSoC4/I2C_I2C.c ****     {
  26              		.loc 1 197 0
  27              		.cfi_startproc
  28 0000 10B5     		push	{r4, lr}
  29              		.cfi_def_cfa_offset 8
  30              		.cfi_offset 4, -8
  31              		.cfi_offset 14, -4
ARM GAS  C:\Users\SPITFI~1\AppData\Local\Temp\ccrKiXBF.s 			page 5


 198:.\Generated_Source\PSoC4/I2C_I2C.c ****     #if(I2C_CY_SCBIP_V0)
 199:.\Generated_Source\PSoC4/I2C_I2C.c ****         /* Adjust SDA filter settings. Ticket ID#150521 */
 200:.\Generated_Source\PSoC4/I2C_I2C.c ****         I2C_SET_I2C_CFG_SDA_FILT_TRIM(I2C_EC_AM_I2C_CFG_SDA_FILT_TRIM);
 201:.\Generated_Source\PSoC4/I2C_I2C.c ****     #endif /* (I2C_CY_SCBIP_V0) */
 202:.\Generated_Source\PSoC4/I2C_I2C.c **** 
 203:.\Generated_Source\PSoC4/I2C_I2C.c ****         /* Adjust AF and DF filter settings. Ticket ID#176179 */
 204:.\Generated_Source\PSoC4/I2C_I2C.c ****         I2C_I2C_CFG_ANALOG_FITER_ENABLE_ADJ;
 205:.\Generated_Source\PSoC4/I2C_I2C.c **** 
 206:.\Generated_Source\PSoC4/I2C_I2C.c ****         /* Configure I2C interface */
 207:.\Generated_Source\PSoC4/I2C_I2C.c ****         I2C_CTRL_REG     = I2C_I2C_DEFAULT_CTRL;
  32              		.loc 1 207 0
  33 0002 0024     		mov	r4, #0
  34 0004 1A4B     		ldr	r3, .L2
  35 0006 1C60     		str	r4, [r3]
 208:.\Generated_Source\PSoC4/I2C_I2C.c ****         I2C_I2C_CTRL_REG = I2C_I2C_DEFAULT_I2C_CTRL;
  36              		.loc 1 208 0
  37 0008 1A4A     		ldr	r2, .L2+4
  38 000a 1B4B     		ldr	r3, .L2+8
  39 000c 1A60     		str	r2, [r3]
 209:.\Generated_Source\PSoC4/I2C_I2C.c **** 
 210:.\Generated_Source\PSoC4/I2C_I2C.c ****         /* Configure RX direction */
 211:.\Generated_Source\PSoC4/I2C_I2C.c ****         I2C_RX_CTRL_REG      = I2C_I2C_DEFAULT_RX_CTRL;
  40              		.loc 1 211 0
  41 000e 1B4B     		ldr	r3, .L2+12
  42 0010 1B4A     		ldr	r2, .L2+16
  43 0012 1360     		str	r3, [r2]
 212:.\Generated_Source\PSoC4/I2C_I2C.c ****         I2C_RX_FIFO_CTRL_REG = I2C_I2C_DEFAULT_RX_FIFO_CTRL;
  44              		.loc 1 212 0
  45 0014 1B4A     		ldr	r2, .L2+20
  46 0016 1460     		str	r4, [r2]
 213:.\Generated_Source\PSoC4/I2C_I2C.c **** 
 214:.\Generated_Source\PSoC4/I2C_I2C.c ****         /* Set default address and mask */
 215:.\Generated_Source\PSoC4/I2C_I2C.c ****         I2C_RX_MATCH_REG     = I2C_I2C_DEFAULT_RX_MATCH;
  47              		.loc 1 215 0
  48 0018 1B49     		ldr	r1, .L2+24
  49 001a 1C4A     		ldr	r2, .L2+28
  50 001c 1160     		str	r1, [r2]
 216:.\Generated_Source\PSoC4/I2C_I2C.c **** 
 217:.\Generated_Source\PSoC4/I2C_I2C.c ****         /* Configure TX direction */
 218:.\Generated_Source\PSoC4/I2C_I2C.c ****         I2C_TX_CTRL_REG      = I2C_I2C_DEFAULT_TX_CTRL;
  51              		.loc 1 218 0
  52 001e 1C4A     		ldr	r2, .L2+32
  53 0020 1360     		str	r3, [r2]
 219:.\Generated_Source\PSoC4/I2C_I2C.c ****         I2C_TX_FIFO_CTRL_REG = I2C_I2C_DEFAULT_TX_FIFO_CTRL;
  54              		.loc 1 219 0
  55 0022 1C4B     		ldr	r3, .L2+36
  56 0024 1C60     		str	r4, [r3]
 220:.\Generated_Source\PSoC4/I2C_I2C.c **** 
 221:.\Generated_Source\PSoC4/I2C_I2C.c ****         /* Configure interrupt with I2C handler but do not enable it */
 222:.\Generated_Source\PSoC4/I2C_I2C.c ****         CyIntDisable    (I2C_ISR_NUMBER);
  57              		.loc 1 222 0
  58 0026 0520     		mov	r0, #5
  59 0028 FFF7FEFF 		bl	CyIntDisable
  60              	.LVL0:
 223:.\Generated_Source\PSoC4/I2C_I2C.c ****         CyIntSetPriority(I2C_ISR_NUMBER, I2C_ISR_PRIORITY);
  61              		.loc 1 223 0
  62 002c 0520     		mov	r0, #5
ARM GAS  C:\Users\SPITFI~1\AppData\Local\Temp\ccrKiXBF.s 			page 6


  63 002e 0321     		mov	r1, #3
  64 0030 FFF7FEFF 		bl	CyIntSetPriority
  65              	.LVL1:
 224:.\Generated_Source\PSoC4/I2C_I2C.c ****     #if(!I2C_I2C_EXTERN_INTR_HANDLER)
 225:.\Generated_Source\PSoC4/I2C_I2C.c ****         (void) CyIntSetVector(I2C_ISR_NUMBER, &I2C_I2C_ISR);
  66              		.loc 1 225 0
  67 0034 0520     		mov	r0, #5
  68 0036 1849     		ldr	r1, .L2+40
  69 0038 FFF7FEFF 		bl	CyIntSetVector
  70              	.LVL2:
 226:.\Generated_Source\PSoC4/I2C_I2C.c ****     #endif /* (I2C_I2C_EXTERN_INTR_HANDLER) */
 227:.\Generated_Source\PSoC4/I2C_I2C.c **** 
 228:.\Generated_Source\PSoC4/I2C_I2C.c ****         /* Configure interrupt sources */
 229:.\Generated_Source\PSoC4/I2C_I2C.c ****     #if(!I2C_CY_SCBIP_V1)
 230:.\Generated_Source\PSoC4/I2C_I2C.c ****         I2C_INTR_SPI_EC_MASK_REG = I2C_I2C_DEFAULT_INTR_SPI_EC_MASK;
 231:.\Generated_Source\PSoC4/I2C_I2C.c ****     #endif /* (!I2C_CY_SCBIP_V1) */
 232:.\Generated_Source\PSoC4/I2C_I2C.c **** 
 233:.\Generated_Source\PSoC4/I2C_I2C.c ****         I2C_INTR_I2C_EC_MASK_REG = I2C_I2C_DEFAULT_INTR_I2C_EC_MASK;
  71              		.loc 1 233 0
  72 003c 174B     		ldr	r3, .L2+44
  73 003e 1C60     		str	r4, [r3]
 234:.\Generated_Source\PSoC4/I2C_I2C.c ****         I2C_INTR_SLAVE_MASK_REG  = I2C_I2C_DEFAULT_INTR_SLAVE_MASK;
  74              		.loc 1 234 0
  75 0040 4C22     		mov	r2, #76
  76 0042 FF32     		add	r2, r2, #255
  77 0044 164B     		ldr	r3, .L2+48
  78 0046 1A60     		str	r2, [r3]
 235:.\Generated_Source\PSoC4/I2C_I2C.c ****         I2C_INTR_MASTER_MASK_REG = I2C_I2C_DEFAULT_INTR_MASTER_MASK;
  79              		.loc 1 235 0
  80 0048 164B     		ldr	r3, .L2+52
  81 004a 1C60     		str	r4, [r3]
 236:.\Generated_Source\PSoC4/I2C_I2C.c ****         I2C_INTR_RX_MASK_REG     = I2C_I2C_DEFAULT_INTR_RX_MASK;
  82              		.loc 1 236 0
  83 004c 164B     		ldr	r3, .L2+56
  84 004e 1C60     		str	r4, [r3]
 237:.\Generated_Source\PSoC4/I2C_I2C.c ****         I2C_INTR_TX_MASK_REG     = I2C_I2C_DEFAULT_INTR_TX_MASK;
  85              		.loc 1 237 0
  86 0050 164B     		ldr	r3, .L2+60
  87 0052 1C60     		str	r4, [r3]
 238:.\Generated_Source\PSoC4/I2C_I2C.c **** 
 239:.\Generated_Source\PSoC4/I2C_I2C.c ****         /* Configure global variables */
 240:.\Generated_Source\PSoC4/I2C_I2C.c ****         I2C_state = I2C_I2C_FSM_IDLE;
  88              		.loc 1 240 0
  89 0054 3C3A     		sub	r2, r2, #60
  90 0056 FF3A     		sub	r2, r2, #255
  91 0058 154B     		ldr	r3, .L2+64
  92 005a 1A70     		strb	r2, [r3]
 241:.\Generated_Source\PSoC4/I2C_I2C.c **** 
 242:.\Generated_Source\PSoC4/I2C_I2C.c ****     #if(I2C_I2C_SLAVE)
 243:.\Generated_Source\PSoC4/I2C_I2C.c ****         /* Internal slave variable */
 244:.\Generated_Source\PSoC4/I2C_I2C.c ****         I2C_slStatus        = 0u;
  93              		.loc 1 244 0
  94 005c 154B     		ldr	r3, .L2+68
  95 005e 1C70     		strb	r4, [r3]
 245:.\Generated_Source\PSoC4/I2C_I2C.c ****         I2C_slRdBufIndex    = 0u;
  96              		.loc 1 245 0
  97 0060 154B     		ldr	r3, .L2+72
ARM GAS  C:\Users\SPITFI~1\AppData\Local\Temp\ccrKiXBF.s 			page 7


  98 0062 1C60     		str	r4, [r3]
 246:.\Generated_Source\PSoC4/I2C_I2C.c ****         I2C_slWrBufIndex    = 0u;
  99              		.loc 1 246 0
 100 0064 154B     		ldr	r3, .L2+76
 101 0066 1C60     		str	r4, [r3]
 247:.\Generated_Source\PSoC4/I2C_I2C.c ****         I2C_slOverFlowCount = 0u;
 102              		.loc 1 247 0
 103 0068 154B     		ldr	r3, .L2+80
 104 006a 1C70     		strb	r4, [r3]
 248:.\Generated_Source\PSoC4/I2C_I2C.c ****     #endif /* (I2C_I2C_SLAVE) */
 249:.\Generated_Source\PSoC4/I2C_I2C.c **** 
 250:.\Generated_Source\PSoC4/I2C_I2C.c ****     #if(I2C_I2C_MASTER)
 251:.\Generated_Source\PSoC4/I2C_I2C.c ****     /* Internal master variable */
 252:.\Generated_Source\PSoC4/I2C_I2C.c ****         I2C_mstrStatus     = 0u;
 253:.\Generated_Source\PSoC4/I2C_I2C.c ****         I2C_mstrRdBufIndex = 0u;
 254:.\Generated_Source\PSoC4/I2C_I2C.c ****         I2C_mstrWrBufIndex = 0u;
 255:.\Generated_Source\PSoC4/I2C_I2C.c ****     #endif /* (I2C_I2C_MASTER) */
 256:.\Generated_Source\PSoC4/I2C_I2C.c ****     }
 105              		.loc 1 256 0
 106              		@ sp needed
 107 006c 10BD     		pop	{r4, pc}
 108              	.L3:
 109 006e C046     		.align	2
 110              	.L2:
 111 0070 00000640 		.word	1074135040
 112 0074 77080040 		.word	1073743991
 113 0078 60000640 		.word	1074135136
 114 007c 07010080 		.word	-2147483385
 115 0080 00030640 		.word	1074135808
 116 0084 04030640 		.word	1074135812
 117 0088 1000FE00 		.word	16646160
 118 008c 10030640 		.word	1074135824
 119 0090 00020640 		.word	1074135552
 120 0094 04020640 		.word	1074135556
 121 0098 00000000 		.word	I2C_I2C_ISR
 122 009c 880E0640 		.word	1074138760
 123 00a0 480F0640 		.word	1074138952
 124 00a4 080F0640 		.word	1074138888
 125 00a8 C80F0640 		.word	1074139080
 126 00ac 880F0640 		.word	1074139016
 127 00b0 00000000 		.word	I2C_state
 128 00b4 00000000 		.word	I2C_slStatus
 129 00b8 00000000 		.word	I2C_slRdBufIndex
 130 00bc 00000000 		.word	I2C_slWrBufIndex
 131 00c0 00000000 		.word	I2C_slOverFlowCount
 132              		.cfi_endproc
 133              	.LFE0:
 134              		.size	I2C_I2CInit, .-I2C_I2CInit
 135              		.section	.text.I2C_I2CStop,"ax",%progbits
 136              		.align	2
 137              		.global	I2C_I2CStop
 138              		.code	16
 139              		.thumb_func
 140              		.type	I2C_I2CStop, %function
 141              	I2C_I2CStop:
 142              	.LFB1:
 257:.\Generated_Source\PSoC4/I2C_I2C.c **** #endif /* (I2C_SCB_MODE_UNCONFIG_CONST_CFG) */
ARM GAS  C:\Users\SPITFI~1\AppData\Local\Temp\ccrKiXBF.s 			page 8


 258:.\Generated_Source\PSoC4/I2C_I2C.c **** 
 259:.\Generated_Source\PSoC4/I2C_I2C.c **** 
 260:.\Generated_Source\PSoC4/I2C_I2C.c **** /*******************************************************************************
 261:.\Generated_Source\PSoC4/I2C_I2C.c **** * Function Name: I2C_I2CStop
 262:.\Generated_Source\PSoC4/I2C_I2C.c **** ********************************************************************************
 263:.\Generated_Source\PSoC4/I2C_I2C.c **** *
 264:.\Generated_Source\PSoC4/I2C_I2C.c **** * Summary:
 265:.\Generated_Source\PSoC4/I2C_I2C.c **** *  Resets the I2C FSM into the default state.
 266:.\Generated_Source\PSoC4/I2C_I2C.c **** *
 267:.\Generated_Source\PSoC4/I2C_I2C.c **** * Parameters:
 268:.\Generated_Source\PSoC4/I2C_I2C.c **** *  None
 269:.\Generated_Source\PSoC4/I2C_I2C.c **** *
 270:.\Generated_Source\PSoC4/I2C_I2C.c **** * Return:
 271:.\Generated_Source\PSoC4/I2C_I2C.c **** *  None
 272:.\Generated_Source\PSoC4/I2C_I2C.c **** *
 273:.\Generated_Source\PSoC4/I2C_I2C.c **** *******************************************************************************/
 274:.\Generated_Source\PSoC4/I2C_I2C.c **** void I2C_I2CStop(void)
 275:.\Generated_Source\PSoC4/I2C_I2C.c **** {
 143              		.loc 1 275 0
 144              		.cfi_startproc
 276:.\Generated_Source\PSoC4/I2C_I2C.c ****     I2C_state = I2C_I2C_FSM_IDLE;
 145              		.loc 1 276 0
 146 0000 1022     		mov	r2, #16
 147 0002 014B     		ldr	r3, .L5
 148 0004 1A70     		strb	r2, [r3]
 277:.\Generated_Source\PSoC4/I2C_I2C.c **** }
 149              		.loc 1 277 0
 150              		@ sp needed
 151 0006 7047     		bx	lr
 152              	.L6:
 153              		.align	2
 154              	.L5:
 155 0008 00000000 		.word	I2C_state
 156              		.cfi_endproc
 157              	.LFE1:
 158              		.size	I2C_I2CStop, .-I2C_I2CStop
 159              		.comm	I2C_state,1,1
 160              		.text
 161              	.Letext0:
 162              		.file 2 "Generated_Source\\PSoC4/cytypes.h"
 163              		.file 3 ".\\Generated_Source\\PSoC4\\I2C_I2C_PVT.h"
 164              		.file 4 "Generated_Source\\PSoC4/CyLib.h"
 165              		.section	.debug_info,"",%progbits
 166              	.Ldebug_info0:
 167 0000 A1010000 		.4byte	0x1a1
 168 0004 0400     		.2byte	0x4
 169 0006 00000000 		.4byte	.Ldebug_abbrev0
 170 000a 04       		.byte	0x4
 171 000b 01       		.uleb128 0x1
 172 000c 08010000 		.4byte	.LASF25
 173 0010 01       		.byte	0x1
 174 0011 61020000 		.4byte	.LASF26
 175 0015 D3010000 		.4byte	.LASF27
 176 0019 00000000 		.4byte	.Ldebug_ranges0+0
 177 001d 00000000 		.4byte	0
 178 0021 00000000 		.4byte	.Ldebug_line0
 179 0025 02       		.uleb128 0x2
ARM GAS  C:\Users\SPITFI~1\AppData\Local\Temp\ccrKiXBF.s 			page 9


 180 0026 01       		.byte	0x1
 181 0027 06       		.byte	0x6
 182 0028 55020000 		.4byte	.LASF0
 183 002c 02       		.uleb128 0x2
 184 002d 01       		.byte	0x1
 185 002e 08       		.byte	0x8
 186 002f 3B000000 		.4byte	.LASF1
 187 0033 02       		.uleb128 0x2
 188 0034 02       		.byte	0x2
 189 0035 05       		.byte	0x5
 190 0036 99000000 		.4byte	.LASF2
 191 003a 02       		.uleb128 0x2
 192 003b 02       		.byte	0x2
 193 003c 07       		.byte	0x7
 194 003d 15000000 		.4byte	.LASF3
 195 0041 02       		.uleb128 0x2
 196 0042 04       		.byte	0x4
 197 0043 05       		.byte	0x5
 198 0044 CA010000 		.4byte	.LASF4
 199 0048 02       		.uleb128 0x2
 200 0049 04       		.byte	0x4
 201 004a 07       		.byte	0x7
 202 004b 49000000 		.4byte	.LASF5
 203 004f 02       		.uleb128 0x2
 204 0050 08       		.byte	0x8
 205 0051 05       		.byte	0x5
 206 0052 F5000000 		.4byte	.LASF6
 207 0056 02       		.uleb128 0x2
 208 0057 08       		.byte	0x8
 209 0058 07       		.byte	0x7
 210 0059 B7000000 		.4byte	.LASF7
 211 005d 03       		.uleb128 0x3
 212 005e 04       		.byte	0x4
 213 005f 05       		.byte	0x5
 214 0060 696E7400 		.ascii	"int\000"
 215 0064 02       		.uleb128 0x2
 216 0065 04       		.byte	0x4
 217 0066 07       		.byte	0x7
 218 0067 AA000000 		.4byte	.LASF8
 219 006b 04       		.uleb128 0x4
 220 006c 5B000000 		.4byte	.LASF9
 221 0070 02       		.byte	0x2
 222 0071 9801     		.2byte	0x198
 223 0073 2C000000 		.4byte	0x2c
 224 0077 04       		.uleb128 0x4
 225 0078 A3000000 		.4byte	.LASF10
 226 007c 02       		.byte	0x2
 227 007d 9A01     		.2byte	0x19a
 228 007f 48000000 		.4byte	0x48
 229 0083 02       		.uleb128 0x2
 230 0084 04       		.byte	0x4
 231 0085 04       		.byte	0x4
 232 0086 28000000 		.4byte	.LASF11
 233 008a 02       		.uleb128 0x2
 234 008b 08       		.byte	0x8
 235 008c 04       		.byte	0x4
 236 008d 75000000 		.4byte	.LASF12
ARM GAS  C:\Users\SPITFI~1\AppData\Local\Temp\ccrKiXBF.s 			page 10


 237 0091 02       		.uleb128 0x2
 238 0092 01       		.byte	0x1
 239 0093 08       		.byte	0x8
 240 0094 03010000 		.4byte	.LASF13
 241 0098 05       		.uleb128 0x5
 242 0099 6B000000 		.4byte	0x6b
 243 009d 04       		.uleb128 0x4
 244 009e 00000000 		.4byte	.LASF14
 245 00a2 02       		.byte	0x2
 246 00a3 4402     		.2byte	0x244
 247 00a5 A9000000 		.4byte	0xa9
 248 00a9 05       		.uleb128 0x5
 249 00aa 77000000 		.4byte	0x77
 250 00ae 04       		.uleb128 0x4
 251 00af DF000000 		.4byte	.LASF15
 252 00b3 02       		.byte	0x2
 253 00b4 5402     		.2byte	0x254
 254 00b6 BA000000 		.4byte	0xba
 255 00ba 06       		.uleb128 0x6
 256 00bb 04       		.byte	0x4
 257 00bc C0000000 		.4byte	0xc0
 258 00c0 07       		.uleb128 0x7
 259 00c1 02       		.uleb128 0x2
 260 00c2 04       		.byte	0x4
 261 00c3 07       		.byte	0x7
 262 00c4 EC000000 		.4byte	.LASF16
 263 00c8 08       		.uleb128 0x8
 264 00c9 7C000000 		.4byte	.LASF28
 265 00cd 01       		.byte	0x1
 266 00ce C4       		.byte	0xc4
 267 00cf 00000000 		.4byte	.LFB0
 268 00d3 C4000000 		.4byte	.LFE0-.LFB0
 269 00d7 01       		.uleb128 0x1
 270 00d8 9C       		.byte	0x9c
 271 00d9 18010000 		.4byte	0x118
 272 00dd 09       		.uleb128 0x9
 273 00de 2C000000 		.4byte	.LVL0
 274 00e2 67010000 		.4byte	0x167
 275 00e6 F0000000 		.4byte	0xf0
 276 00ea 0A       		.uleb128 0xa
 277 00eb 01       		.uleb128 0x1
 278 00ec 50       		.byte	0x50
 279 00ed 01       		.uleb128 0x1
 280 00ee 35       		.byte	0x35
 281 00ef 00       		.byte	0
 282 00f0 09       		.uleb128 0x9
 283 00f1 34000000 		.4byte	.LVL1
 284 00f5 78010000 		.4byte	0x178
 285 00f9 08010000 		.4byte	0x108
 286 00fd 0A       		.uleb128 0xa
 287 00fe 01       		.uleb128 0x1
 288 00ff 51       		.byte	0x51
 289 0100 01       		.uleb128 0x1
 290 0101 33       		.byte	0x33
 291 0102 0A       		.uleb128 0xa
 292 0103 01       		.uleb128 0x1
 293 0104 50       		.byte	0x50
ARM GAS  C:\Users\SPITFI~1\AppData\Local\Temp\ccrKiXBF.s 			page 11


 294 0105 01       		.uleb128 0x1
 295 0106 35       		.byte	0x35
 296 0107 00       		.byte	0
 297 0108 0B       		.uleb128 0xb
 298 0109 3C000000 		.4byte	.LVL2
 299 010d 8E010000 		.4byte	0x18e
 300 0111 0A       		.uleb128 0xa
 301 0112 01       		.uleb128 0x1
 302 0113 50       		.byte	0x50
 303 0114 01       		.uleb128 0x1
 304 0115 35       		.byte	0x35
 305 0116 00       		.byte	0
 306 0117 00       		.byte	0
 307 0118 0C       		.uleb128 0xc
 308 0119 A3010000 		.4byte	.LASF29
 309 011d 01       		.byte	0x1
 310 011e 1201     		.2byte	0x112
 311 0120 00000000 		.4byte	.LFB1
 312 0124 0C000000 		.4byte	.LFE1-.LFB1
 313 0128 01       		.uleb128 0x1
 314 0129 9C       		.byte	0x9c
 315 012a 0D       		.uleb128 0xd
 316 012b C0010000 		.4byte	.LASF17
 317 012f 01       		.byte	0x1
 318 0130 1A       		.byte	0x1a
 319 0131 98000000 		.4byte	0x98
 320 0135 05       		.uleb128 0x5
 321 0136 03       		.byte	0x3
 322 0137 00000000 		.4byte	I2C_state
 323 013b 0E       		.uleb128 0xe
 324 013c 2E000000 		.4byte	.LASF18
 325 0140 03       		.byte	0x3
 326 0141 20       		.byte	0x20
 327 0142 98000000 		.4byte	0x98
 328 0146 0E       		.uleb128 0xe
 329 0147 88000000 		.4byte	.LASF19
 330 014b 03       		.byte	0x3
 331 014c 25       		.byte	0x25
 332 014d A9000000 		.4byte	0xa9
 333 0151 0E       		.uleb128 0xe
 334 0152 AF010000 		.4byte	.LASF20
 335 0156 03       		.byte	0x3
 336 0157 2A       		.byte	0x2a
 337 0158 A9000000 		.4byte	0xa9
 338 015c 0E       		.uleb128 0xe
 339 015d 61000000 		.4byte	.LASF21
 340 0161 03       		.byte	0x3
 341 0162 2C       		.byte	0x2c
 342 0163 98000000 		.4byte	0x98
 343 0167 0F       		.uleb128 0xf
 344 0168 96010000 		.4byte	.LASF22
 345 016c 04       		.byte	0x4
 346 016d C3       		.byte	0xc3
 347 016e 78010000 		.4byte	0x178
 348 0172 10       		.uleb128 0x10
 349 0173 6B000000 		.4byte	0x6b
 350 0177 00       		.byte	0
ARM GAS  C:\Users\SPITFI~1\AppData\Local\Temp\ccrKiXBF.s 			page 12


 351 0178 0F       		.uleb128 0xf
 352 0179 CE000000 		.4byte	.LASF23
 353 017d 04       		.byte	0x4
 354 017e BE       		.byte	0xbe
 355 017f 8E010000 		.4byte	0x18e
 356 0183 10       		.uleb128 0x10
 357 0184 6B000000 		.4byte	0x6b
 358 0188 10       		.uleb128 0x10
 359 0189 6B000000 		.4byte	0x6b
 360 018d 00       		.byte	0
 361 018e 11       		.uleb128 0x11
 362 018f 06000000 		.4byte	.LASF24
 363 0193 04       		.byte	0x4
 364 0194 BB       		.byte	0xbb
 365 0195 AE000000 		.4byte	0xae
 366 0199 10       		.uleb128 0x10
 367 019a 6B000000 		.4byte	0x6b
 368 019e 10       		.uleb128 0x10
 369 019f AE000000 		.4byte	0xae
 370 01a3 00       		.byte	0
 371 01a4 00       		.byte	0
 372              		.section	.debug_abbrev,"",%progbits
 373              	.Ldebug_abbrev0:
 374 0000 01       		.uleb128 0x1
 375 0001 11       		.uleb128 0x11
 376 0002 01       		.byte	0x1
 377 0003 25       		.uleb128 0x25
 378 0004 0E       		.uleb128 0xe
 379 0005 13       		.uleb128 0x13
 380 0006 0B       		.uleb128 0xb
 381 0007 03       		.uleb128 0x3
 382 0008 0E       		.uleb128 0xe
 383 0009 1B       		.uleb128 0x1b
 384 000a 0E       		.uleb128 0xe
 385 000b 55       		.uleb128 0x55
 386 000c 17       		.uleb128 0x17
 387 000d 11       		.uleb128 0x11
 388 000e 01       		.uleb128 0x1
 389 000f 10       		.uleb128 0x10
 390 0010 17       		.uleb128 0x17
 391 0011 00       		.byte	0
 392 0012 00       		.byte	0
 393 0013 02       		.uleb128 0x2
 394 0014 24       		.uleb128 0x24
 395 0015 00       		.byte	0
 396 0016 0B       		.uleb128 0xb
 397 0017 0B       		.uleb128 0xb
 398 0018 3E       		.uleb128 0x3e
 399 0019 0B       		.uleb128 0xb
 400 001a 03       		.uleb128 0x3
 401 001b 0E       		.uleb128 0xe
 402 001c 00       		.byte	0
 403 001d 00       		.byte	0
 404 001e 03       		.uleb128 0x3
 405 001f 24       		.uleb128 0x24
 406 0020 00       		.byte	0
 407 0021 0B       		.uleb128 0xb
ARM GAS  C:\Users\SPITFI~1\AppData\Local\Temp\ccrKiXBF.s 			page 13


 408 0022 0B       		.uleb128 0xb
 409 0023 3E       		.uleb128 0x3e
 410 0024 0B       		.uleb128 0xb
 411 0025 03       		.uleb128 0x3
 412 0026 08       		.uleb128 0x8
 413 0027 00       		.byte	0
 414 0028 00       		.byte	0
 415 0029 04       		.uleb128 0x4
 416 002a 16       		.uleb128 0x16
 417 002b 00       		.byte	0
 418 002c 03       		.uleb128 0x3
 419 002d 0E       		.uleb128 0xe
 420 002e 3A       		.uleb128 0x3a
 421 002f 0B       		.uleb128 0xb
 422 0030 3B       		.uleb128 0x3b
 423 0031 05       		.uleb128 0x5
 424 0032 49       		.uleb128 0x49
 425 0033 13       		.uleb128 0x13
 426 0034 00       		.byte	0
 427 0035 00       		.byte	0
 428 0036 05       		.uleb128 0x5
 429 0037 35       		.uleb128 0x35
 430 0038 00       		.byte	0
 431 0039 49       		.uleb128 0x49
 432 003a 13       		.uleb128 0x13
 433 003b 00       		.byte	0
 434 003c 00       		.byte	0
 435 003d 06       		.uleb128 0x6
 436 003e 0F       		.uleb128 0xf
 437 003f 00       		.byte	0
 438 0040 0B       		.uleb128 0xb
 439 0041 0B       		.uleb128 0xb
 440 0042 49       		.uleb128 0x49
 441 0043 13       		.uleb128 0x13
 442 0044 00       		.byte	0
 443 0045 00       		.byte	0
 444 0046 07       		.uleb128 0x7
 445 0047 15       		.uleb128 0x15
 446 0048 00       		.byte	0
 447 0049 27       		.uleb128 0x27
 448 004a 19       		.uleb128 0x19
 449 004b 00       		.byte	0
 450 004c 00       		.byte	0
 451 004d 08       		.uleb128 0x8
 452 004e 2E       		.uleb128 0x2e
 453 004f 01       		.byte	0x1
 454 0050 3F       		.uleb128 0x3f
 455 0051 19       		.uleb128 0x19
 456 0052 03       		.uleb128 0x3
 457 0053 0E       		.uleb128 0xe
 458 0054 3A       		.uleb128 0x3a
 459 0055 0B       		.uleb128 0xb
 460 0056 3B       		.uleb128 0x3b
 461 0057 0B       		.uleb128 0xb
 462 0058 27       		.uleb128 0x27
 463 0059 19       		.uleb128 0x19
 464 005a 11       		.uleb128 0x11
ARM GAS  C:\Users\SPITFI~1\AppData\Local\Temp\ccrKiXBF.s 			page 14


 465 005b 01       		.uleb128 0x1
 466 005c 12       		.uleb128 0x12
 467 005d 06       		.uleb128 0x6
 468 005e 40       		.uleb128 0x40
 469 005f 18       		.uleb128 0x18
 470 0060 9742     		.uleb128 0x2117
 471 0062 19       		.uleb128 0x19
 472 0063 01       		.uleb128 0x1
 473 0064 13       		.uleb128 0x13
 474 0065 00       		.byte	0
 475 0066 00       		.byte	0
 476 0067 09       		.uleb128 0x9
 477 0068 898201   		.uleb128 0x4109
 478 006b 01       		.byte	0x1
 479 006c 11       		.uleb128 0x11
 480 006d 01       		.uleb128 0x1
 481 006e 31       		.uleb128 0x31
 482 006f 13       		.uleb128 0x13
 483 0070 01       		.uleb128 0x1
 484 0071 13       		.uleb128 0x13
 485 0072 00       		.byte	0
 486 0073 00       		.byte	0
 487 0074 0A       		.uleb128 0xa
 488 0075 8A8201   		.uleb128 0x410a
 489 0078 00       		.byte	0
 490 0079 02       		.uleb128 0x2
 491 007a 18       		.uleb128 0x18
 492 007b 9142     		.uleb128 0x2111
 493 007d 18       		.uleb128 0x18
 494 007e 00       		.byte	0
 495 007f 00       		.byte	0
 496 0080 0B       		.uleb128 0xb
 497 0081 898201   		.uleb128 0x4109
 498 0084 01       		.byte	0x1
 499 0085 11       		.uleb128 0x11
 500 0086 01       		.uleb128 0x1
 501 0087 31       		.uleb128 0x31
 502 0088 13       		.uleb128 0x13
 503 0089 00       		.byte	0
 504 008a 00       		.byte	0
 505 008b 0C       		.uleb128 0xc
 506 008c 2E       		.uleb128 0x2e
 507 008d 00       		.byte	0
 508 008e 3F       		.uleb128 0x3f
 509 008f 19       		.uleb128 0x19
 510 0090 03       		.uleb128 0x3
 511 0091 0E       		.uleb128 0xe
 512 0092 3A       		.uleb128 0x3a
 513 0093 0B       		.uleb128 0xb
 514 0094 3B       		.uleb128 0x3b
 515 0095 05       		.uleb128 0x5
 516 0096 27       		.uleb128 0x27
 517 0097 19       		.uleb128 0x19
 518 0098 11       		.uleb128 0x11
 519 0099 01       		.uleb128 0x1
 520 009a 12       		.uleb128 0x12
 521 009b 06       		.uleb128 0x6
ARM GAS  C:\Users\SPITFI~1\AppData\Local\Temp\ccrKiXBF.s 			page 15


 522 009c 40       		.uleb128 0x40
 523 009d 18       		.uleb128 0x18
 524 009e 9742     		.uleb128 0x2117
 525 00a0 19       		.uleb128 0x19
 526 00a1 00       		.byte	0
 527 00a2 00       		.byte	0
 528 00a3 0D       		.uleb128 0xd
 529 00a4 34       		.uleb128 0x34
 530 00a5 00       		.byte	0
 531 00a6 03       		.uleb128 0x3
 532 00a7 0E       		.uleb128 0xe
 533 00a8 3A       		.uleb128 0x3a
 534 00a9 0B       		.uleb128 0xb
 535 00aa 3B       		.uleb128 0x3b
 536 00ab 0B       		.uleb128 0xb
 537 00ac 49       		.uleb128 0x49
 538 00ad 13       		.uleb128 0x13
 539 00ae 3F       		.uleb128 0x3f
 540 00af 19       		.uleb128 0x19
 541 00b0 02       		.uleb128 0x2
 542 00b1 18       		.uleb128 0x18
 543 00b2 00       		.byte	0
 544 00b3 00       		.byte	0
 545 00b4 0E       		.uleb128 0xe
 546 00b5 34       		.uleb128 0x34
 547 00b6 00       		.byte	0
 548 00b7 03       		.uleb128 0x3
 549 00b8 0E       		.uleb128 0xe
 550 00b9 3A       		.uleb128 0x3a
 551 00ba 0B       		.uleb128 0xb
 552 00bb 3B       		.uleb128 0x3b
 553 00bc 0B       		.uleb128 0xb
 554 00bd 49       		.uleb128 0x49
 555 00be 13       		.uleb128 0x13
 556 00bf 3F       		.uleb128 0x3f
 557 00c0 19       		.uleb128 0x19
 558 00c1 3C       		.uleb128 0x3c
 559 00c2 19       		.uleb128 0x19
 560 00c3 00       		.byte	0
 561 00c4 00       		.byte	0
 562 00c5 0F       		.uleb128 0xf
 563 00c6 2E       		.uleb128 0x2e
 564 00c7 01       		.byte	0x1
 565 00c8 3F       		.uleb128 0x3f
 566 00c9 19       		.uleb128 0x19
 567 00ca 03       		.uleb128 0x3
 568 00cb 0E       		.uleb128 0xe
 569 00cc 3A       		.uleb128 0x3a
 570 00cd 0B       		.uleb128 0xb
 571 00ce 3B       		.uleb128 0x3b
 572 00cf 0B       		.uleb128 0xb
 573 00d0 27       		.uleb128 0x27
 574 00d1 19       		.uleb128 0x19
 575 00d2 3C       		.uleb128 0x3c
 576 00d3 19       		.uleb128 0x19
 577 00d4 01       		.uleb128 0x1
 578 00d5 13       		.uleb128 0x13
ARM GAS  C:\Users\SPITFI~1\AppData\Local\Temp\ccrKiXBF.s 			page 16


 579 00d6 00       		.byte	0
 580 00d7 00       		.byte	0
 581 00d8 10       		.uleb128 0x10
 582 00d9 05       		.uleb128 0x5
 583 00da 00       		.byte	0
 584 00db 49       		.uleb128 0x49
 585 00dc 13       		.uleb128 0x13
 586 00dd 00       		.byte	0
 587 00de 00       		.byte	0
 588 00df 11       		.uleb128 0x11
 589 00e0 2E       		.uleb128 0x2e
 590 00e1 01       		.byte	0x1
 591 00e2 3F       		.uleb128 0x3f
 592 00e3 19       		.uleb128 0x19
 593 00e4 03       		.uleb128 0x3
 594 00e5 0E       		.uleb128 0xe
 595 00e6 3A       		.uleb128 0x3a
 596 00e7 0B       		.uleb128 0xb
 597 00e8 3B       		.uleb128 0x3b
 598 00e9 0B       		.uleb128 0xb
 599 00ea 27       		.uleb128 0x27
 600 00eb 19       		.uleb128 0x19
 601 00ec 49       		.uleb128 0x49
 602 00ed 13       		.uleb128 0x13
 603 00ee 3C       		.uleb128 0x3c
 604 00ef 19       		.uleb128 0x19
 605 00f0 00       		.byte	0
 606 00f1 00       		.byte	0
 607 00f2 00       		.byte	0
 608              		.section	.debug_aranges,"",%progbits
 609 0000 24000000 		.4byte	0x24
 610 0004 0200     		.2byte	0x2
 611 0006 00000000 		.4byte	.Ldebug_info0
 612 000a 04       		.byte	0x4
 613 000b 00       		.byte	0
 614 000c 0000     		.2byte	0
 615 000e 0000     		.2byte	0
 616 0010 00000000 		.4byte	.LFB0
 617 0014 C4000000 		.4byte	.LFE0-.LFB0
 618 0018 00000000 		.4byte	.LFB1
 619 001c 0C000000 		.4byte	.LFE1-.LFB1
 620 0020 00000000 		.4byte	0
 621 0024 00000000 		.4byte	0
 622              		.section	.debug_ranges,"",%progbits
 623              	.Ldebug_ranges0:
 624 0000 00000000 		.4byte	.LFB0
 625 0004 C4000000 		.4byte	.LFE0
 626 0008 00000000 		.4byte	.LFB1
 627 000c 0C000000 		.4byte	.LFE1
 628 0010 00000000 		.4byte	0
 629 0014 00000000 		.4byte	0
 630              		.section	.debug_line,"",%progbits
 631              	.Ldebug_line0:
 632 0000 BA000000 		.section	.debug_str,"MS",%progbits,1
 632      02007900 
 632      00000201 
 632      FB0E0D00 
ARM GAS  C:\Users\SPITFI~1\AppData\Local\Temp\ccrKiXBF.s 			page 17


 632      01010101 
 633              	.LASF14:
 634 0000 72656733 		.ascii	"reg32\000"
 634      3200
 635              	.LASF24:
 636 0006 4379496E 		.ascii	"CyIntSetVector\000"
 636      74536574 
 636      56656374 
 636      6F7200
 637              	.LASF3:
 638 0015 73686F72 		.ascii	"short unsigned int\000"
 638      7420756E 
 638      7369676E 
 638      65642069 
 638      6E7400
 639              	.LASF11:
 640 0028 666C6F61 		.ascii	"float\000"
 640      7400
 641              	.LASF18:
 642 002e 4932435F 		.ascii	"I2C_slStatus\000"
 642      736C5374 
 642      61747573 
 642      00
 643              	.LASF1:
 644 003b 756E7369 		.ascii	"unsigned char\000"
 644      676E6564 
 644      20636861 
 644      7200
 645              	.LASF5:
 646 0049 6C6F6E67 		.ascii	"long unsigned int\000"
 646      20756E73 
 646      69676E65 
 646      6420696E 
 646      7400
 647              	.LASF9:
 648 005b 75696E74 		.ascii	"uint8\000"
 648      3800
 649              	.LASF21:
 650 0061 4932435F 		.ascii	"I2C_slOverFlowCount\000"
 650      736C4F76 
 650      6572466C 
 650      6F77436F 
 650      756E7400 
 651              	.LASF12:
 652 0075 646F7562 		.ascii	"double\000"
 652      6C6500
 653              	.LASF28:
 654 007c 4932435F 		.ascii	"I2C_I2CInit\000"
 654      49324349 
 654      6E697400 
 655              	.LASF19:
 656 0088 4932435F 		.ascii	"I2C_slWrBufIndex\000"
 656      736C5772 
 656      42756649 
 656      6E646578 
 656      00
 657              	.LASF2:
ARM GAS  C:\Users\SPITFI~1\AppData\Local\Temp\ccrKiXBF.s 			page 18


 658 0099 73686F72 		.ascii	"short int\000"
 658      7420696E 
 658      7400
 659              	.LASF10:
 660 00a3 75696E74 		.ascii	"uint32\000"
 660      333200
 661              	.LASF8:
 662 00aa 756E7369 		.ascii	"unsigned int\000"
 662      676E6564 
 662      20696E74 
 662      00
 663              	.LASF7:
 664 00b7 6C6F6E67 		.ascii	"long long unsigned int\000"
 664      206C6F6E 
 664      6720756E 
 664      7369676E 
 664      65642069 
 665              	.LASF23:
 666 00ce 4379496E 		.ascii	"CyIntSetPriority\000"
 666      74536574 
 666      5072696F 
 666      72697479 
 666      00
 667              	.LASF15:
 668 00df 63796973 		.ascii	"cyisraddress\000"
 668      72616464 
 668      72657373 
 668      00
 669              	.LASF16:
 670 00ec 73697A65 		.ascii	"sizetype\000"
 670      74797065 
 670      00
 671              	.LASF6:
 672 00f5 6C6F6E67 		.ascii	"long long int\000"
 672      206C6F6E 
 672      6720696E 
 672      7400
 673              	.LASF13:
 674 0103 63686172 		.ascii	"char\000"
 674      00
 675              	.LASF25:
 676 0108 474E5520 		.ascii	"GNU C 4.9.3 20150303 (release) [ARM/embedded-4_9-br"
 676      4320342E 
 676      392E3320 
 676      32303135 
 676      30333033 
 677 013b 616E6368 		.ascii	"anch revision 221220] -mcpu=cortex-m0 -mthumb -g -O"
 677      20726576 
 677      6973696F 
 677      6E203232 
 677      31323230 
 678 016e 67202D66 		.ascii	"g -ffunction-sections -ffat-lto-objects\000"
 678      66756E63 
 678      74696F6E 
 678      2D736563 
 678      74696F6E 
 679              	.LASF22:
ARM GAS  C:\Users\SPITFI~1\AppData\Local\Temp\ccrKiXBF.s 			page 19


 680 0196 4379496E 		.ascii	"CyIntDisable\000"
 680      74446973 
 680      61626C65 
 680      00
 681              	.LASF29:
 682 01a3 4932435F 		.ascii	"I2C_I2CStop\000"
 682      49324353 
 682      746F7000 
 683              	.LASF20:
 684 01af 4932435F 		.ascii	"I2C_slRdBufIndex\000"
 684      736C5264 
 684      42756649 
 684      6E646578 
 684      00
 685              	.LASF17:
 686 01c0 4932435F 		.ascii	"I2C_state\000"
 686      73746174 
 686      6500
 687              	.LASF4:
 688 01ca 6C6F6E67 		.ascii	"long int\000"
 688      20696E74 
 688      00
 689              	.LASF27:
 690 01d3 433A5C55 		.ascii	"C:\\Users\\Spitfire54444444\\Dropbox\\Projets\\Wave"
 690      73657273 
 690      5C537069 
 690      74666972 
 690      65353434 
 691 0201 6C616220 		.ascii	"lab Technologies Inc\\Consultation\\YABtronix\\Auto"
 691      54656368 
 691      6E6F6C6F 
 691      67696573 
 691      20496E63 
 692 0231 20536875 		.ascii	" Shut-OFF\\Auto Shut-OFF_SOIC8.cydsn\000"
 692      742D4F46 
 692      465C4175 
 692      746F2053 
 692      6875742D 
 693              	.LASF0:
 694 0255 7369676E 		.ascii	"signed char\000"
 694      65642063 
 694      68617200 
 695              	.LASF26:
 696 0261 2E5C4765 		.ascii	".\\Generated_Source\\PSoC4\\I2C_I2C.c\000"
 696      6E657261 
 696      7465645F 
 696      536F7572 
 696      63655C50 
 697              		.ident	"GCC: (GNU Tools for ARM Embedded Processors) 4.9.3 20150303 (release) [ARM/embedded-4_9-br
