ARM GAS  C:\Users\SPITFI~1\AppData\Local\Temp\cc25iZi0.s 			page 1


   1              		.cpu cortex-m0
   2              		.fpu softvfp
   3              		.eabi_attribute 20, 1
   4              		.eabi_attribute 21, 1
   5              		.eabi_attribute 23, 3
   6              		.eabi_attribute 24, 1
   7              		.eabi_attribute 25, 1
   8              		.eabi_attribute 26, 1
   9              		.eabi_attribute 30, 1
  10              		.eabi_attribute 34, 0
  11              		.eabi_attribute 18, 4
  12              		.code	16
  13              		.file	"I2C_sda.c"
  14              		.text
  15              	.Ltext0:
  16              		.cfi_sections	.debug_frame
  17              		.section	.text.I2C_sda_Write,"ax",%progbits
  18              		.align	2
  19              		.global	I2C_sda_Write
  20              		.code	16
  21              		.thumb_func
  22              		.type	I2C_sda_Write, %function
  23              	I2C_sda_Write:
  24              	.LFB0:
  25              		.file 1 ".\\Generated_Source\\PSoC4\\I2C_sda.c"
   1:.\Generated_Source\PSoC4/I2C_sda.c **** /*******************************************************************************
   2:.\Generated_Source\PSoC4/I2C_sda.c **** * File Name: I2C_sda.c  
   3:.\Generated_Source\PSoC4/I2C_sda.c **** * Version 2.10
   4:.\Generated_Source\PSoC4/I2C_sda.c **** *
   5:.\Generated_Source\PSoC4/I2C_sda.c **** * Description:
   6:.\Generated_Source\PSoC4/I2C_sda.c **** *  This file contains API to enable firmware control of a Pins component.
   7:.\Generated_Source\PSoC4/I2C_sda.c **** *
   8:.\Generated_Source\PSoC4/I2C_sda.c **** * Note:
   9:.\Generated_Source\PSoC4/I2C_sda.c **** *
  10:.\Generated_Source\PSoC4/I2C_sda.c **** ********************************************************************************
  11:.\Generated_Source\PSoC4/I2C_sda.c **** * Copyright 2008-2014, Cypress Semiconductor Corporation.  All rights reserved.
  12:.\Generated_Source\PSoC4/I2C_sda.c **** * You may use this file only in accordance with the license, terms, conditions, 
  13:.\Generated_Source\PSoC4/I2C_sda.c **** * disclaimers, and limitations in the end user license agreement accompanying 
  14:.\Generated_Source\PSoC4/I2C_sda.c **** * the software package with which this file was provided.
  15:.\Generated_Source\PSoC4/I2C_sda.c **** *******************************************************************************/
  16:.\Generated_Source\PSoC4/I2C_sda.c **** 
  17:.\Generated_Source\PSoC4/I2C_sda.c **** #include "cytypes.h"
  18:.\Generated_Source\PSoC4/I2C_sda.c **** #include "I2C_sda.h"
  19:.\Generated_Source\PSoC4/I2C_sda.c **** 
  20:.\Generated_Source\PSoC4/I2C_sda.c **** #define SetP4PinDriveMode(shift, mode)  \
  21:.\Generated_Source\PSoC4/I2C_sda.c ****     do { \
  22:.\Generated_Source\PSoC4/I2C_sda.c ****         I2C_sda_PC =   (I2C_sda_PC & \
  23:.\Generated_Source\PSoC4/I2C_sda.c ****                                 (uint32)(~(uint32)(I2C_sda_DRIVE_MODE_IND_MASK << (I2C_sda_DRIVE_MO
  24:.\Generated_Source\PSoC4/I2C_sda.c ****                                 (uint32)((uint32)(mode) << (I2C_sda_DRIVE_MODE_BITS * (shift))); \
  25:.\Generated_Source\PSoC4/I2C_sda.c ****     } while (0)
  26:.\Generated_Source\PSoC4/I2C_sda.c **** 
  27:.\Generated_Source\PSoC4/I2C_sda.c **** 
  28:.\Generated_Source\PSoC4/I2C_sda.c **** /*******************************************************************************
  29:.\Generated_Source\PSoC4/I2C_sda.c **** * Function Name: I2C_sda_Write
  30:.\Generated_Source\PSoC4/I2C_sda.c **** ********************************************************************************
  31:.\Generated_Source\PSoC4/I2C_sda.c **** *
  32:.\Generated_Source\PSoC4/I2C_sda.c **** * Summary:
ARM GAS  C:\Users\SPITFI~1\AppData\Local\Temp\cc25iZi0.s 			page 2


  33:.\Generated_Source\PSoC4/I2C_sda.c **** *  Assign a new value to the digital port's data output register.  
  34:.\Generated_Source\PSoC4/I2C_sda.c **** *
  35:.\Generated_Source\PSoC4/I2C_sda.c **** * Parameters:  
  36:.\Generated_Source\PSoC4/I2C_sda.c **** *  prtValue:  The value to be assigned to the Digital Port. 
  37:.\Generated_Source\PSoC4/I2C_sda.c **** *
  38:.\Generated_Source\PSoC4/I2C_sda.c **** * Return: 
  39:.\Generated_Source\PSoC4/I2C_sda.c **** *  None 
  40:.\Generated_Source\PSoC4/I2C_sda.c **** *  
  41:.\Generated_Source\PSoC4/I2C_sda.c **** *******************************************************************************/
  42:.\Generated_Source\PSoC4/I2C_sda.c **** void I2C_sda_Write(uint8 value) 
  43:.\Generated_Source\PSoC4/I2C_sda.c **** {
  26              		.loc 1 43 0
  27              		.cfi_startproc
  28              	.LVL0:
  29 0000 031C     		mov	r3, r0
  44:.\Generated_Source\PSoC4/I2C_sda.c ****     uint8 drVal = (uint8)(I2C_sda_DR & (uint8)(~I2C_sda_MASK));
  30              		.loc 1 44 0
  31 0002 0449     		ldr	r1, .L2
  32 0004 0868     		ldr	r0, [r1]
  33              	.LVL1:
  34 0006 FE22     		mov	r2, #254
  35 0008 0240     		and	r2, r0
  36              	.LVL2:
  45:.\Generated_Source\PSoC4/I2C_sda.c ****     drVal = (drVal | ((uint8)(value << I2C_sda_SHIFT) & I2C_sda_MASK));
  37              		.loc 1 45 0
  38 000a 0120     		mov	r0, #1
  39 000c 1840     		and	r0, r3
  40 000e 1043     		orr	r0, r2
  41              	.LVL3:
  46:.\Generated_Source\PSoC4/I2C_sda.c ****     I2C_sda_DR = (uint32)drVal;
  42              		.loc 1 46 0
  43 0010 0860     		str	r0, [r1]
  47:.\Generated_Source\PSoC4/I2C_sda.c **** }
  44              		.loc 1 47 0
  45              		@ sp needed
  46 0012 7047     		bx	lr
  47              	.L3:
  48              		.align	2
  49              	.L2:
  50 0014 00030440 		.word	1074004736
  51              		.cfi_endproc
  52              	.LFE0:
  53              		.size	I2C_sda_Write, .-I2C_sda_Write
  54              		.section	.text.I2C_sda_SetDriveMode,"ax",%progbits
  55              		.align	2
  56              		.global	I2C_sda_SetDriveMode
  57              		.code	16
  58              		.thumb_func
  59              		.type	I2C_sda_SetDriveMode, %function
  60              	I2C_sda_SetDriveMode:
  61              	.LFB1:
  48:.\Generated_Source\PSoC4/I2C_sda.c **** 
  49:.\Generated_Source\PSoC4/I2C_sda.c **** 
  50:.\Generated_Source\PSoC4/I2C_sda.c **** /*******************************************************************************
  51:.\Generated_Source\PSoC4/I2C_sda.c **** * Function Name: I2C_sda_SetDriveMode
  52:.\Generated_Source\PSoC4/I2C_sda.c **** ********************************************************************************
  53:.\Generated_Source\PSoC4/I2C_sda.c **** *
ARM GAS  C:\Users\SPITFI~1\AppData\Local\Temp\cc25iZi0.s 			page 3


  54:.\Generated_Source\PSoC4/I2C_sda.c **** * Summary:
  55:.\Generated_Source\PSoC4/I2C_sda.c **** *  Change the drive mode on the pins of the port.
  56:.\Generated_Source\PSoC4/I2C_sda.c **** * 
  57:.\Generated_Source\PSoC4/I2C_sda.c **** * Parameters:  
  58:.\Generated_Source\PSoC4/I2C_sda.c **** *  mode:  Change the pins to one of the following drive modes.
  59:.\Generated_Source\PSoC4/I2C_sda.c **** *
  60:.\Generated_Source\PSoC4/I2C_sda.c **** *  I2C_sda_DM_STRONG     Strong Drive 
  61:.\Generated_Source\PSoC4/I2C_sda.c **** *  I2C_sda_DM_OD_HI      Open Drain, Drives High 
  62:.\Generated_Source\PSoC4/I2C_sda.c **** *  I2C_sda_DM_OD_LO      Open Drain, Drives Low 
  63:.\Generated_Source\PSoC4/I2C_sda.c **** *  I2C_sda_DM_RES_UP     Resistive Pull Up 
  64:.\Generated_Source\PSoC4/I2C_sda.c **** *  I2C_sda_DM_RES_DWN    Resistive Pull Down 
  65:.\Generated_Source\PSoC4/I2C_sda.c **** *  I2C_sda_DM_RES_UPDWN  Resistive Pull Up/Down 
  66:.\Generated_Source\PSoC4/I2C_sda.c **** *  I2C_sda_DM_DIG_HIZ    High Impedance Digital 
  67:.\Generated_Source\PSoC4/I2C_sda.c **** *  I2C_sda_DM_ALG_HIZ    High Impedance Analog 
  68:.\Generated_Source\PSoC4/I2C_sda.c **** *
  69:.\Generated_Source\PSoC4/I2C_sda.c **** * Return: 
  70:.\Generated_Source\PSoC4/I2C_sda.c **** *  None
  71:.\Generated_Source\PSoC4/I2C_sda.c **** *
  72:.\Generated_Source\PSoC4/I2C_sda.c **** *******************************************************************************/
  73:.\Generated_Source\PSoC4/I2C_sda.c **** void I2C_sda_SetDriveMode(uint8 mode) 
  74:.\Generated_Source\PSoC4/I2C_sda.c **** {
  62              		.loc 1 74 0
  63              		.cfi_startproc
  64              	.LVL4:
  75:.\Generated_Source\PSoC4/I2C_sda.c **** 	SetP4PinDriveMode(I2C_sda__0__SHIFT, mode);
  65              		.loc 1 75 0
  66 0000 034A     		ldr	r2, .L5
  67 0002 1368     		ldr	r3, [r2]
  68 0004 0721     		mov	r1, #7
  69 0006 8B43     		bic	r3, r1
  70 0008 1843     		orr	r0, r3
  71              	.LVL5:
  72 000a 1060     		str	r0, [r2]
  76:.\Generated_Source\PSoC4/I2C_sda.c **** }
  73              		.loc 1 76 0
  74              		@ sp needed
  75 000c 7047     		bx	lr
  76              	.L6:
  77 000e C046     		.align	2
  78              	.L5:
  79 0010 08030440 		.word	1074004744
  80              		.cfi_endproc
  81              	.LFE1:
  82              		.size	I2C_sda_SetDriveMode, .-I2C_sda_SetDriveMode
  83              		.section	.text.I2C_sda_Read,"ax",%progbits
  84              		.align	2
  85              		.global	I2C_sda_Read
  86              		.code	16
  87              		.thumb_func
  88              		.type	I2C_sda_Read, %function
  89              	I2C_sda_Read:
  90              	.LFB2:
  77:.\Generated_Source\PSoC4/I2C_sda.c **** 
  78:.\Generated_Source\PSoC4/I2C_sda.c **** 
  79:.\Generated_Source\PSoC4/I2C_sda.c **** /*******************************************************************************
  80:.\Generated_Source\PSoC4/I2C_sda.c **** * Function Name: I2C_sda_Read
  81:.\Generated_Source\PSoC4/I2C_sda.c **** ********************************************************************************
ARM GAS  C:\Users\SPITFI~1\AppData\Local\Temp\cc25iZi0.s 			page 4


  82:.\Generated_Source\PSoC4/I2C_sda.c **** *
  83:.\Generated_Source\PSoC4/I2C_sda.c **** * Summary:
  84:.\Generated_Source\PSoC4/I2C_sda.c **** *  Read the current value on the pins of the Digital Port in right justified 
  85:.\Generated_Source\PSoC4/I2C_sda.c **** *  form.
  86:.\Generated_Source\PSoC4/I2C_sda.c **** *
  87:.\Generated_Source\PSoC4/I2C_sda.c **** * Parameters:  
  88:.\Generated_Source\PSoC4/I2C_sda.c **** *  None 
  89:.\Generated_Source\PSoC4/I2C_sda.c **** *
  90:.\Generated_Source\PSoC4/I2C_sda.c **** * Return: 
  91:.\Generated_Source\PSoC4/I2C_sda.c **** *  Returns the current value of the Digital Port as a right justified number
  92:.\Generated_Source\PSoC4/I2C_sda.c **** *  
  93:.\Generated_Source\PSoC4/I2C_sda.c **** * Note:
  94:.\Generated_Source\PSoC4/I2C_sda.c **** *  Macro I2C_sda_ReadPS calls this function. 
  95:.\Generated_Source\PSoC4/I2C_sda.c **** *  
  96:.\Generated_Source\PSoC4/I2C_sda.c **** *******************************************************************************/
  97:.\Generated_Source\PSoC4/I2C_sda.c **** uint8 I2C_sda_Read(void) 
  98:.\Generated_Source\PSoC4/I2C_sda.c **** {
  91              		.loc 1 98 0
  92              		.cfi_startproc
  99:.\Generated_Source\PSoC4/I2C_sda.c ****     return (uint8)((I2C_sda_PS & I2C_sda_MASK) >> I2C_sda_SHIFT);
  93              		.loc 1 99 0
  94 0000 024B     		ldr	r3, .L8
  95 0002 1868     		ldr	r0, [r3]
  96 0004 0123     		mov	r3, #1
  97 0006 1840     		and	r0, r3
 100:.\Generated_Source\PSoC4/I2C_sda.c **** }
  98              		.loc 1 100 0
  99              		@ sp needed
 100 0008 7047     		bx	lr
 101              	.L9:
 102 000a C046     		.align	2
 103              	.L8:
 104 000c 04030440 		.word	1074004740
 105              		.cfi_endproc
 106              	.LFE2:
 107              		.size	I2C_sda_Read, .-I2C_sda_Read
 108              		.section	.text.I2C_sda_ReadDataReg,"ax",%progbits
 109              		.align	2
 110              		.global	I2C_sda_ReadDataReg
 111              		.code	16
 112              		.thumb_func
 113              		.type	I2C_sda_ReadDataReg, %function
 114              	I2C_sda_ReadDataReg:
 115              	.LFB3:
 101:.\Generated_Source\PSoC4/I2C_sda.c **** 
 102:.\Generated_Source\PSoC4/I2C_sda.c **** 
 103:.\Generated_Source\PSoC4/I2C_sda.c **** /*******************************************************************************
 104:.\Generated_Source\PSoC4/I2C_sda.c **** * Function Name: I2C_sda_ReadDataReg
 105:.\Generated_Source\PSoC4/I2C_sda.c **** ********************************************************************************
 106:.\Generated_Source\PSoC4/I2C_sda.c **** *
 107:.\Generated_Source\PSoC4/I2C_sda.c **** * Summary:
 108:.\Generated_Source\PSoC4/I2C_sda.c **** *  Read the current value assigned to a Digital Port's data output register
 109:.\Generated_Source\PSoC4/I2C_sda.c **** *
 110:.\Generated_Source\PSoC4/I2C_sda.c **** * Parameters:  
 111:.\Generated_Source\PSoC4/I2C_sda.c **** *  None 
 112:.\Generated_Source\PSoC4/I2C_sda.c **** *
 113:.\Generated_Source\PSoC4/I2C_sda.c **** * Return: 
ARM GAS  C:\Users\SPITFI~1\AppData\Local\Temp\cc25iZi0.s 			page 5


 114:.\Generated_Source\PSoC4/I2C_sda.c **** *  Returns the current value assigned to the Digital Port's data output register
 115:.\Generated_Source\PSoC4/I2C_sda.c **** *  
 116:.\Generated_Source\PSoC4/I2C_sda.c **** *******************************************************************************/
 117:.\Generated_Source\PSoC4/I2C_sda.c **** uint8 I2C_sda_ReadDataReg(void) 
 118:.\Generated_Source\PSoC4/I2C_sda.c **** {
 116              		.loc 1 118 0
 117              		.cfi_startproc
 119:.\Generated_Source\PSoC4/I2C_sda.c ****     return (uint8)((I2C_sda_DR & I2C_sda_MASK) >> I2C_sda_SHIFT);
 118              		.loc 1 119 0
 119 0000 024B     		ldr	r3, .L11
 120 0002 1868     		ldr	r0, [r3]
 121 0004 0123     		mov	r3, #1
 122 0006 1840     		and	r0, r3
 120:.\Generated_Source\PSoC4/I2C_sda.c **** }
 123              		.loc 1 120 0
 124              		@ sp needed
 125 0008 7047     		bx	lr
 126              	.L12:
 127 000a C046     		.align	2
 128              	.L11:
 129 000c 00030440 		.word	1074004736
 130              		.cfi_endproc
 131              	.LFE3:
 132              		.size	I2C_sda_ReadDataReg, .-I2C_sda_ReadDataReg
 133              		.section	.text.I2C_sda_ClearInterrupt,"ax",%progbits
 134              		.align	2
 135              		.global	I2C_sda_ClearInterrupt
 136              		.code	16
 137              		.thumb_func
 138              		.type	I2C_sda_ClearInterrupt, %function
 139              	I2C_sda_ClearInterrupt:
 140              	.LFB4:
 121:.\Generated_Source\PSoC4/I2C_sda.c **** 
 122:.\Generated_Source\PSoC4/I2C_sda.c **** 
 123:.\Generated_Source\PSoC4/I2C_sda.c **** /* If Interrupts Are Enabled for this Pins component */ 
 124:.\Generated_Source\PSoC4/I2C_sda.c **** #if defined(I2C_sda_INTSTAT) 
 125:.\Generated_Source\PSoC4/I2C_sda.c **** 
 126:.\Generated_Source\PSoC4/I2C_sda.c ****     /*******************************************************************************
 127:.\Generated_Source\PSoC4/I2C_sda.c ****     * Function Name: I2C_sda_ClearInterrupt
 128:.\Generated_Source\PSoC4/I2C_sda.c ****     ********************************************************************************
 129:.\Generated_Source\PSoC4/I2C_sda.c ****     *
 130:.\Generated_Source\PSoC4/I2C_sda.c ****     * Summary:
 131:.\Generated_Source\PSoC4/I2C_sda.c ****     *  Clears any active interrupts attached to port and returns the value of the 
 132:.\Generated_Source\PSoC4/I2C_sda.c ****     *  interrupt status register.
 133:.\Generated_Source\PSoC4/I2C_sda.c ****     *
 134:.\Generated_Source\PSoC4/I2C_sda.c ****     * Parameters:  
 135:.\Generated_Source\PSoC4/I2C_sda.c ****     *  None 
 136:.\Generated_Source\PSoC4/I2C_sda.c ****     *
 137:.\Generated_Source\PSoC4/I2C_sda.c ****     * Return: 
 138:.\Generated_Source\PSoC4/I2C_sda.c ****     *  Returns the value of the interrupt status register
 139:.\Generated_Source\PSoC4/I2C_sda.c ****     *  
 140:.\Generated_Source\PSoC4/I2C_sda.c ****     *******************************************************************************/
 141:.\Generated_Source\PSoC4/I2C_sda.c ****     uint8 I2C_sda_ClearInterrupt(void) 
 142:.\Generated_Source\PSoC4/I2C_sda.c ****     {
 141              		.loc 1 142 0
 142              		.cfi_startproc
 143:.\Generated_Source\PSoC4/I2C_sda.c **** 		uint8 maskedStatus = (uint8)(I2C_sda_INTSTAT & I2C_sda_MASK);
ARM GAS  C:\Users\SPITFI~1\AppData\Local\Temp\cc25iZi0.s 			page 6


 143              		.loc 1 143 0
 144 0000 024A     		ldr	r2, .L14
 145 0002 1068     		ldr	r0, [r2]
 146 0004 0123     		mov	r3, #1
 147 0006 1840     		and	r0, r3
 148              	.LVL6:
 144:.\Generated_Source\PSoC4/I2C_sda.c **** 		I2C_sda_INTSTAT = maskedStatus;
 149              		.loc 1 144 0
 150 0008 1060     		str	r0, [r2]
 145:.\Generated_Source\PSoC4/I2C_sda.c ****         return maskedStatus >> I2C_sda_SHIFT;
 146:.\Generated_Source\PSoC4/I2C_sda.c ****     }
 151              		.loc 1 146 0
 152              		@ sp needed
 153 000a 7047     		bx	lr
 154              	.L15:
 155              		.align	2
 156              	.L14:
 157 000c 10030440 		.word	1074004752
 158              		.cfi_endproc
 159              	.LFE4:
 160              		.size	I2C_sda_ClearInterrupt, .-I2C_sda_ClearInterrupt
 161              		.text
 162              	.Letext0:
 163              		.file 2 ".\\Generated_Source\\PSoC4\\cytypes.h"
 164              		.section	.debug_info,"",%progbits
 165              	.Ldebug_info0:
 166 0000 4C010000 		.4byte	0x14c
 167 0004 0400     		.2byte	0x4
 168 0006 00000000 		.4byte	.Ldebug_abbrev0
 169 000a 04       		.byte	0x4
 170 000b 01       		.uleb128 0x1
 171 000c 1F010000 		.4byte	.LASF24
 172 0010 01       		.byte	0x1
 173 0011 3B000000 		.4byte	.LASF25
 174 0015 C6010000 		.4byte	.LASF26
 175 0019 00000000 		.4byte	.Ldebug_ranges0+0
 176 001d 00000000 		.4byte	0
 177 0021 00000000 		.4byte	.Ldebug_line0
 178 0025 02       		.uleb128 0x2
 179 0026 01       		.byte	0x1
 180 0027 06       		.byte	0x6
 181 0028 64000000 		.4byte	.LASF0
 182 002c 02       		.uleb128 0x2
 183 002d 01       		.byte	0x1
 184 002e 08       		.byte	0x8
 185 002f 70000000 		.4byte	.LASF1
 186 0033 02       		.uleb128 0x2
 187 0034 02       		.byte	0x2
 188 0035 05       		.byte	0x5
 189 0036 AD010000 		.4byte	.LASF2
 190 003a 02       		.uleb128 0x2
 191 003b 02       		.byte	0x2
 192 003c 07       		.byte	0x7
 193 003d 96000000 		.4byte	.LASF3
 194 0041 02       		.uleb128 0x2
 195 0042 04       		.byte	0x4
 196 0043 05       		.byte	0x5
ARM GAS  C:\Users\SPITFI~1\AppData\Local\Temp\cc25iZi0.s 			page 7


 197 0044 BD010000 		.4byte	.LASF4
 198 0048 02       		.uleb128 0x2
 199 0049 04       		.byte	0x4
 200 004a 07       		.byte	0x7
 201 004b 84000000 		.4byte	.LASF5
 202 004f 02       		.uleb128 0x2
 203 0050 08       		.byte	0x8
 204 0051 05       		.byte	0x5
 205 0052 F7000000 		.4byte	.LASF6
 206 0056 02       		.uleb128 0x2
 207 0057 08       		.byte	0x8
 208 0058 07       		.byte	0x7
 209 0059 DB000000 		.4byte	.LASF7
 210 005d 03       		.uleb128 0x3
 211 005e 04       		.byte	0x4
 212 005f 05       		.byte	0x5
 213 0060 696E7400 		.ascii	"int\000"
 214 0064 02       		.uleb128 0x2
 215 0065 04       		.byte	0x4
 216 0066 07       		.byte	0x7
 217 0067 B7000000 		.4byte	.LASF8
 218 006b 04       		.uleb128 0x4
 219 006c B7010000 		.4byte	.LASF9
 220 0070 02       		.byte	0x2
 221 0071 9801     		.2byte	0x198
 222 0073 2C000000 		.4byte	0x2c
 223 0077 04       		.uleb128 0x4
 224 0078 B0000000 		.4byte	.LASF10
 225 007c 02       		.byte	0x2
 226 007d 9A01     		.2byte	0x19a
 227 007f 48000000 		.4byte	0x48
 228 0083 02       		.uleb128 0x2
 229 0084 04       		.byte	0x4
 230 0085 04       		.byte	0x4
 231 0086 5E000000 		.4byte	.LASF11
 232 008a 02       		.uleb128 0x2
 233 008b 08       		.byte	0x8
 234 008c 04       		.byte	0x4
 235 008d A9000000 		.4byte	.LASF12
 236 0091 02       		.uleb128 0x2
 237 0092 01       		.byte	0x1
 238 0093 08       		.byte	0x8
 239 0094 1A010000 		.4byte	.LASF13
 240 0098 04       		.uleb128 0x4
 241 0099 00000000 		.4byte	.LASF14
 242 009d 02       		.byte	0x2
 243 009e 4402     		.2byte	0x244
 244 00a0 A4000000 		.4byte	0xa4
 245 00a4 05       		.uleb128 0x5
 246 00a5 77000000 		.4byte	0x77
 247 00a9 06       		.uleb128 0x6
 248 00aa 2D000000 		.4byte	.LASF15
 249 00ae 01       		.byte	0x1
 250 00af 2A       		.byte	0x2a
 251 00b0 00000000 		.4byte	.LFB0
 252 00b4 18000000 		.4byte	.LFE0-.LFB0
 253 00b8 01       		.uleb128 0x1
ARM GAS  C:\Users\SPITFI~1\AppData\Local\Temp\cc25iZi0.s 			page 8


 254 00b9 9C       		.byte	0x9c
 255 00ba DD000000 		.4byte	0xdd
 256 00be 07       		.uleb128 0x7
 257 00bf 13000000 		.4byte	.LASF17
 258 00c3 01       		.byte	0x1
 259 00c4 2A       		.byte	0x2a
 260 00c5 6B000000 		.4byte	0x6b
 261 00c9 00000000 		.4byte	.LLST0
 262 00cd 08       		.uleb128 0x8
 263 00ce 7E000000 		.4byte	.LASF22
 264 00d2 01       		.byte	0x1
 265 00d3 2C       		.byte	0x2c
 266 00d4 6B000000 		.4byte	0x6b
 267 00d8 21000000 		.4byte	.LLST1
 268 00dc 00       		.byte	0
 269 00dd 06       		.uleb128 0x6
 270 00de 05010000 		.4byte	.LASF16
 271 00e2 01       		.byte	0x1
 272 00e3 49       		.byte	0x49
 273 00e4 00000000 		.4byte	.LFB1
 274 00e8 14000000 		.4byte	.LFE1-.LFB1
 275 00ec 01       		.uleb128 0x1
 276 00ed 9C       		.byte	0x9c
 277 00ee 02010000 		.4byte	0x102
 278 00f2 07       		.uleb128 0x7
 279 00f3 F2000000 		.4byte	.LASF18
 280 00f7 01       		.byte	0x1
 281 00f8 49       		.byte	0x49
 282 00f9 6B000000 		.4byte	0x6b
 283 00fd 3F000000 		.4byte	.LLST2
 284 0101 00       		.byte	0
 285 0102 09       		.uleb128 0x9
 286 0103 48020000 		.4byte	.LASF19
 287 0107 01       		.byte	0x1
 288 0108 61       		.byte	0x61
 289 0109 6B000000 		.4byte	0x6b
 290 010d 00000000 		.4byte	.LFB2
 291 0111 10000000 		.4byte	.LFE2-.LFB2
 292 0115 01       		.uleb128 0x1
 293 0116 9C       		.byte	0x9c
 294 0117 09       		.uleb128 0x9
 295 0118 19000000 		.4byte	.LASF20
 296 011c 01       		.byte	0x1
 297 011d 75       		.byte	0x75
 298 011e 6B000000 		.4byte	0x6b
 299 0122 00000000 		.4byte	.LFB3
 300 0126 10000000 		.4byte	.LFE3-.LFB3
 301 012a 01       		.uleb128 0x1
 302 012b 9C       		.byte	0x9c
 303 012c 0A       		.uleb128 0xa
 304 012d C4000000 		.4byte	.LASF21
 305 0131 01       		.byte	0x1
 306 0132 8D       		.byte	0x8d
 307 0133 6B000000 		.4byte	0x6b
 308 0137 00000000 		.4byte	.LFB4
 309 013b 10000000 		.4byte	.LFE4-.LFB4
 310 013f 01       		.uleb128 0x1
ARM GAS  C:\Users\SPITFI~1\AppData\Local\Temp\cc25iZi0.s 			page 9


 311 0140 9C       		.byte	0x9c
 312 0141 0B       		.uleb128 0xb
 313 0142 06000000 		.4byte	.LASF23
 314 0146 01       		.byte	0x1
 315 0147 8F       		.byte	0x8f
 316 0148 6B000000 		.4byte	0x6b
 317 014c 01       		.uleb128 0x1
 318 014d 50       		.byte	0x50
 319 014e 00       		.byte	0
 320 014f 00       		.byte	0
 321              		.section	.debug_abbrev,"",%progbits
 322              	.Ldebug_abbrev0:
 323 0000 01       		.uleb128 0x1
 324 0001 11       		.uleb128 0x11
 325 0002 01       		.byte	0x1
 326 0003 25       		.uleb128 0x25
 327 0004 0E       		.uleb128 0xe
 328 0005 13       		.uleb128 0x13
 329 0006 0B       		.uleb128 0xb
 330 0007 03       		.uleb128 0x3
 331 0008 0E       		.uleb128 0xe
 332 0009 1B       		.uleb128 0x1b
 333 000a 0E       		.uleb128 0xe
 334 000b 55       		.uleb128 0x55
 335 000c 17       		.uleb128 0x17
 336 000d 11       		.uleb128 0x11
 337 000e 01       		.uleb128 0x1
 338 000f 10       		.uleb128 0x10
 339 0010 17       		.uleb128 0x17
 340 0011 00       		.byte	0
 341 0012 00       		.byte	0
 342 0013 02       		.uleb128 0x2
 343 0014 24       		.uleb128 0x24
 344 0015 00       		.byte	0
 345 0016 0B       		.uleb128 0xb
 346 0017 0B       		.uleb128 0xb
 347 0018 3E       		.uleb128 0x3e
 348 0019 0B       		.uleb128 0xb
 349 001a 03       		.uleb128 0x3
 350 001b 0E       		.uleb128 0xe
 351 001c 00       		.byte	0
 352 001d 00       		.byte	0
 353 001e 03       		.uleb128 0x3
 354 001f 24       		.uleb128 0x24
 355 0020 00       		.byte	0
 356 0021 0B       		.uleb128 0xb
 357 0022 0B       		.uleb128 0xb
 358 0023 3E       		.uleb128 0x3e
 359 0024 0B       		.uleb128 0xb
 360 0025 03       		.uleb128 0x3
 361 0026 08       		.uleb128 0x8
 362 0027 00       		.byte	0
 363 0028 00       		.byte	0
 364 0029 04       		.uleb128 0x4
 365 002a 16       		.uleb128 0x16
 366 002b 00       		.byte	0
 367 002c 03       		.uleb128 0x3
ARM GAS  C:\Users\SPITFI~1\AppData\Local\Temp\cc25iZi0.s 			page 10


 368 002d 0E       		.uleb128 0xe
 369 002e 3A       		.uleb128 0x3a
 370 002f 0B       		.uleb128 0xb
 371 0030 3B       		.uleb128 0x3b
 372 0031 05       		.uleb128 0x5
 373 0032 49       		.uleb128 0x49
 374 0033 13       		.uleb128 0x13
 375 0034 00       		.byte	0
 376 0035 00       		.byte	0
 377 0036 05       		.uleb128 0x5
 378 0037 35       		.uleb128 0x35
 379 0038 00       		.byte	0
 380 0039 49       		.uleb128 0x49
 381 003a 13       		.uleb128 0x13
 382 003b 00       		.byte	0
 383 003c 00       		.byte	0
 384 003d 06       		.uleb128 0x6
 385 003e 2E       		.uleb128 0x2e
 386 003f 01       		.byte	0x1
 387 0040 3F       		.uleb128 0x3f
 388 0041 19       		.uleb128 0x19
 389 0042 03       		.uleb128 0x3
 390 0043 0E       		.uleb128 0xe
 391 0044 3A       		.uleb128 0x3a
 392 0045 0B       		.uleb128 0xb
 393 0046 3B       		.uleb128 0x3b
 394 0047 0B       		.uleb128 0xb
 395 0048 27       		.uleb128 0x27
 396 0049 19       		.uleb128 0x19
 397 004a 11       		.uleb128 0x11
 398 004b 01       		.uleb128 0x1
 399 004c 12       		.uleb128 0x12
 400 004d 06       		.uleb128 0x6
 401 004e 40       		.uleb128 0x40
 402 004f 18       		.uleb128 0x18
 403 0050 9742     		.uleb128 0x2117
 404 0052 19       		.uleb128 0x19
 405 0053 01       		.uleb128 0x1
 406 0054 13       		.uleb128 0x13
 407 0055 00       		.byte	0
 408 0056 00       		.byte	0
 409 0057 07       		.uleb128 0x7
 410 0058 05       		.uleb128 0x5
 411 0059 00       		.byte	0
 412 005a 03       		.uleb128 0x3
 413 005b 0E       		.uleb128 0xe
 414 005c 3A       		.uleb128 0x3a
 415 005d 0B       		.uleb128 0xb
 416 005e 3B       		.uleb128 0x3b
 417 005f 0B       		.uleb128 0xb
 418 0060 49       		.uleb128 0x49
 419 0061 13       		.uleb128 0x13
 420 0062 02       		.uleb128 0x2
 421 0063 17       		.uleb128 0x17
 422 0064 00       		.byte	0
 423 0065 00       		.byte	0
 424 0066 08       		.uleb128 0x8
ARM GAS  C:\Users\SPITFI~1\AppData\Local\Temp\cc25iZi0.s 			page 11


 425 0067 34       		.uleb128 0x34
 426 0068 00       		.byte	0
 427 0069 03       		.uleb128 0x3
 428 006a 0E       		.uleb128 0xe
 429 006b 3A       		.uleb128 0x3a
 430 006c 0B       		.uleb128 0xb
 431 006d 3B       		.uleb128 0x3b
 432 006e 0B       		.uleb128 0xb
 433 006f 49       		.uleb128 0x49
 434 0070 13       		.uleb128 0x13
 435 0071 02       		.uleb128 0x2
 436 0072 17       		.uleb128 0x17
 437 0073 00       		.byte	0
 438 0074 00       		.byte	0
 439 0075 09       		.uleb128 0x9
 440 0076 2E       		.uleb128 0x2e
 441 0077 00       		.byte	0
 442 0078 3F       		.uleb128 0x3f
 443 0079 19       		.uleb128 0x19
 444 007a 03       		.uleb128 0x3
 445 007b 0E       		.uleb128 0xe
 446 007c 3A       		.uleb128 0x3a
 447 007d 0B       		.uleb128 0xb
 448 007e 3B       		.uleb128 0x3b
 449 007f 0B       		.uleb128 0xb
 450 0080 27       		.uleb128 0x27
 451 0081 19       		.uleb128 0x19
 452 0082 49       		.uleb128 0x49
 453 0083 13       		.uleb128 0x13
 454 0084 11       		.uleb128 0x11
 455 0085 01       		.uleb128 0x1
 456 0086 12       		.uleb128 0x12
 457 0087 06       		.uleb128 0x6
 458 0088 40       		.uleb128 0x40
 459 0089 18       		.uleb128 0x18
 460 008a 9742     		.uleb128 0x2117
 461 008c 19       		.uleb128 0x19
 462 008d 00       		.byte	0
 463 008e 00       		.byte	0
 464 008f 0A       		.uleb128 0xa
 465 0090 2E       		.uleb128 0x2e
 466 0091 01       		.byte	0x1
 467 0092 3F       		.uleb128 0x3f
 468 0093 19       		.uleb128 0x19
 469 0094 03       		.uleb128 0x3
 470 0095 0E       		.uleb128 0xe
 471 0096 3A       		.uleb128 0x3a
 472 0097 0B       		.uleb128 0xb
 473 0098 3B       		.uleb128 0x3b
 474 0099 0B       		.uleb128 0xb
 475 009a 27       		.uleb128 0x27
 476 009b 19       		.uleb128 0x19
 477 009c 49       		.uleb128 0x49
 478 009d 13       		.uleb128 0x13
 479 009e 11       		.uleb128 0x11
 480 009f 01       		.uleb128 0x1
 481 00a0 12       		.uleb128 0x12
ARM GAS  C:\Users\SPITFI~1\AppData\Local\Temp\cc25iZi0.s 			page 12


 482 00a1 06       		.uleb128 0x6
 483 00a2 40       		.uleb128 0x40
 484 00a3 18       		.uleb128 0x18
 485 00a4 9742     		.uleb128 0x2117
 486 00a6 19       		.uleb128 0x19
 487 00a7 00       		.byte	0
 488 00a8 00       		.byte	0
 489 00a9 0B       		.uleb128 0xb
 490 00aa 34       		.uleb128 0x34
 491 00ab 00       		.byte	0
 492 00ac 03       		.uleb128 0x3
 493 00ad 0E       		.uleb128 0xe
 494 00ae 3A       		.uleb128 0x3a
 495 00af 0B       		.uleb128 0xb
 496 00b0 3B       		.uleb128 0x3b
 497 00b1 0B       		.uleb128 0xb
 498 00b2 49       		.uleb128 0x49
 499 00b3 13       		.uleb128 0x13
 500 00b4 02       		.uleb128 0x2
 501 00b5 18       		.uleb128 0x18
 502 00b6 00       		.byte	0
 503 00b7 00       		.byte	0
 504 00b8 00       		.byte	0
 505              		.section	.debug_loc,"",%progbits
 506              	.Ldebug_loc0:
 507              	.LLST0:
 508 0000 00000000 		.4byte	.LVL0
 509 0004 06000000 		.4byte	.LVL1
 510 0008 0100     		.2byte	0x1
 511 000a 50       		.byte	0x50
 512 000b 06000000 		.4byte	.LVL1
 513 000f 18000000 		.4byte	.LFE0
 514 0013 0400     		.2byte	0x4
 515 0015 F3       		.byte	0xf3
 516 0016 01       		.uleb128 0x1
 517 0017 50       		.byte	0x50
 518 0018 9F       		.byte	0x9f
 519 0019 00000000 		.4byte	0
 520 001d 00000000 		.4byte	0
 521              	.LLST1:
 522 0021 0A000000 		.4byte	.LVL2
 523 0025 10000000 		.4byte	.LVL3
 524 0029 0100     		.2byte	0x1
 525 002b 52       		.byte	0x52
 526 002c 10000000 		.4byte	.LVL3
 527 0030 18000000 		.4byte	.LFE0
 528 0034 0100     		.2byte	0x1
 529 0036 50       		.byte	0x50
 530 0037 00000000 		.4byte	0
 531 003b 00000000 		.4byte	0
 532              	.LLST2:
 533 003f 00000000 		.4byte	.LVL4
 534 0043 0A000000 		.4byte	.LVL5
 535 0047 0100     		.2byte	0x1
 536 0049 50       		.byte	0x50
 537 004a 0A000000 		.4byte	.LVL5
 538 004e 14000000 		.4byte	.LFE1
ARM GAS  C:\Users\SPITFI~1\AppData\Local\Temp\cc25iZi0.s 			page 13


 539 0052 0400     		.2byte	0x4
 540 0054 F3       		.byte	0xf3
 541 0055 01       		.uleb128 0x1
 542 0056 50       		.byte	0x50
 543 0057 9F       		.byte	0x9f
 544 0058 00000000 		.4byte	0
 545 005c 00000000 		.4byte	0
 546              		.section	.debug_aranges,"",%progbits
 547 0000 3C000000 		.4byte	0x3c
 548 0004 0200     		.2byte	0x2
 549 0006 00000000 		.4byte	.Ldebug_info0
 550 000a 04       		.byte	0x4
 551 000b 00       		.byte	0
 552 000c 0000     		.2byte	0
 553 000e 0000     		.2byte	0
 554 0010 00000000 		.4byte	.LFB0
 555 0014 18000000 		.4byte	.LFE0-.LFB0
 556 0018 00000000 		.4byte	.LFB1
 557 001c 14000000 		.4byte	.LFE1-.LFB1
 558 0020 00000000 		.4byte	.LFB2
 559 0024 10000000 		.4byte	.LFE2-.LFB2
 560 0028 00000000 		.4byte	.LFB3
 561 002c 10000000 		.4byte	.LFE3-.LFB3
 562 0030 00000000 		.4byte	.LFB4
 563 0034 10000000 		.4byte	.LFE4-.LFB4
 564 0038 00000000 		.4byte	0
 565 003c 00000000 		.4byte	0
 566              		.section	.debug_ranges,"",%progbits
 567              	.Ldebug_ranges0:
 568 0000 00000000 		.4byte	.LFB0
 569 0004 18000000 		.4byte	.LFE0
 570 0008 00000000 		.4byte	.LFB1
 571 000c 14000000 		.4byte	.LFE1
 572 0010 00000000 		.4byte	.LFB2
 573 0014 10000000 		.4byte	.LFE2
 574 0018 00000000 		.4byte	.LFB3
 575 001c 10000000 		.4byte	.LFE3
 576 0020 00000000 		.4byte	.LFB4
 577 0024 10000000 		.4byte	.LFE4
 578 0028 00000000 		.4byte	0
 579 002c 00000000 		.4byte	0
 580              		.section	.debug_line,"",%progbits
 581              	.Ldebug_line0:
 582 0000 A8000000 		.section	.debug_str,"MS",%progbits,1
 582      02004600 
 582      00000201 
 582      FB0E0D00 
 582      01010101 
 583              	.LASF14:
 584 0000 72656733 		.ascii	"reg32\000"
 584      3200
 585              	.LASF23:
 586 0006 6D61736B 		.ascii	"maskedStatus\000"
 586      65645374 
 586      61747573 
 586      00
 587              	.LASF17:
ARM GAS  C:\Users\SPITFI~1\AppData\Local\Temp\cc25iZi0.s 			page 14


 588 0013 76616C75 		.ascii	"value\000"
 588      6500
 589              	.LASF20:
 590 0019 4932435F 		.ascii	"I2C_sda_ReadDataReg\000"
 590      7364615F 
 590      52656164 
 590      44617461 
 590      52656700 
 591              	.LASF15:
 592 002d 4932435F 		.ascii	"I2C_sda_Write\000"
 592      7364615F 
 592      57726974 
 592      6500
 593              	.LASF25:
 594 003b 2E5C4765 		.ascii	".\\Generated_Source\\PSoC4\\I2C_sda.c\000"
 594      6E657261 
 594      7465645F 
 594      536F7572 
 594      63655C50 
 595              	.LASF11:
 596 005e 666C6F61 		.ascii	"float\000"
 596      7400
 597              	.LASF0:
 598 0064 7369676E 		.ascii	"signed char\000"
 598      65642063 
 598      68617200 
 599              	.LASF1:
 600 0070 756E7369 		.ascii	"unsigned char\000"
 600      676E6564 
 600      20636861 
 600      7200
 601              	.LASF22:
 602 007e 64725661 		.ascii	"drVal\000"
 602      6C00
 603              	.LASF5:
 604 0084 6C6F6E67 		.ascii	"long unsigned int\000"
 604      20756E73 
 604      69676E65 
 604      6420696E 
 604      7400
 605              	.LASF3:
 606 0096 73686F72 		.ascii	"short unsigned int\000"
 606      7420756E 
 606      7369676E 
 606      65642069 
 606      6E7400
 607              	.LASF12:
 608 00a9 646F7562 		.ascii	"double\000"
 608      6C6500
 609              	.LASF10:
 610 00b0 75696E74 		.ascii	"uint32\000"
 610      333200
 611              	.LASF8:
 612 00b7 756E7369 		.ascii	"unsigned int\000"
 612      676E6564 
 612      20696E74 
 612      00
ARM GAS  C:\Users\SPITFI~1\AppData\Local\Temp\cc25iZi0.s 			page 15


 613              	.LASF21:
 614 00c4 4932435F 		.ascii	"I2C_sda_ClearInterrupt\000"
 614      7364615F 
 614      436C6561 
 614      72496E74 
 614      65727275 
 615              	.LASF7:
 616 00db 6C6F6E67 		.ascii	"long long unsigned int\000"
 616      206C6F6E 
 616      6720756E 
 616      7369676E 
 616      65642069 
 617              	.LASF18:
 618 00f2 6D6F6465 		.ascii	"mode\000"
 618      00
 619              	.LASF6:
 620 00f7 6C6F6E67 		.ascii	"long long int\000"
 620      206C6F6E 
 620      6720696E 
 620      7400
 621              	.LASF16:
 622 0105 4932435F 		.ascii	"I2C_sda_SetDriveMode\000"
 622      7364615F 
 622      53657444 
 622      72697665 
 622      4D6F6465 
 623              	.LASF13:
 624 011a 63686172 		.ascii	"char\000"
 624      00
 625              	.LASF24:
 626 011f 474E5520 		.ascii	"GNU C 4.9.3 20150303 (release) [ARM/embedded-4_9-br"
 626      4320342E 
 626      392E3320 
 626      32303135 
 626      30333033 
 627 0152 616E6368 		.ascii	"anch revision 221220] -mcpu=cortex-m0 -mthumb -g -O"
 627      20726576 
 627      6973696F 
 627      6E203232 
 627      31323230 
 628 0185 67202D66 		.ascii	"g -ffunction-sections -ffat-lto-objects\000"
 628      66756E63 
 628      74696F6E 
 628      2D736563 
 628      74696F6E 
 629              	.LASF2:
 630 01ad 73686F72 		.ascii	"short int\000"
 630      7420696E 
 630      7400
 631              	.LASF9:
 632 01b7 75696E74 		.ascii	"uint8\000"
 632      3800
 633              	.LASF4:
 634 01bd 6C6F6E67 		.ascii	"long int\000"
 634      20696E74 
 634      00
 635              	.LASF26:
ARM GAS  C:\Users\SPITFI~1\AppData\Local\Temp\cc25iZi0.s 			page 16


 636 01c6 433A5C55 		.ascii	"C:\\Users\\Spitfire54444444\\Dropbox\\Projets\\Wave"
 636      73657273 
 636      5C537069 
 636      74666972 
 636      65353434 
 637 01f4 6C616220 		.ascii	"lab Technologies Inc\\Consultation\\YABtronix\\Auto"
 637      54656368 
 637      6E6F6C6F 
 637      67696573 
 637      20496E63 
 638 0224 20536875 		.ascii	" Shut-OFF\\Auto Shut-OFF_SOIC8.cydsn\000"
 638      742D4F46 
 638      465C4175 
 638      746F2053 
 638      6875742D 
 639              	.LASF19:
 640 0248 4932435F 		.ascii	"I2C_sda_Read\000"
 640      7364615F 
 640      52656164 
 640      00
 641              		.ident	"GCC: (GNU Tools for ARM Embedded Processors) 4.9.3 20150303 (release) [ARM/embedded-4_9-br
